This is pdfTeX, Version 3.1415926-2.5-1.40.14 (TeX Live 2013/Debian) (format=pdflatex 2015.3.13)  29 MAR 2015 13:49
entering extended mode
 restricted \write18 enabled.
 %&-line parsing enabled.
**tweether.tex
(./tweether.tex
LaTeX2e <2011/06/27>
Babel <3.9h> and hyphenation patterns for 78 languages loaded.
(./vgtc.cls
Document Class: vgtc 2006/05/21 IEEE VGTC
(/usr/share/texlive/texmf-dist/tex/latex/base/article.cls
Document Class: article 2007/10/19 v1.4h Standard LaTeX document class
(/usr/share/texlive/texmf-dist/tex/latex/base/size10.clo
File: size10.clo 2007/10/19 v1.4h Standard LaTeX file (size option)
)
\c@part=\count79
\c@section=\count80
\c@subsection=\count81
\c@subsubsection=\count82
\c@paragraph=\count83
\c@subparagraph=\count84
\c@figure=\count85
\c@table=\count86
\abovecaptionskip=\skip41
\belowcaptionskip=\skip42
\bibindent=\dimen102
)
\captionmargin=\skip43
\bibindent=\dimen103
\bibspacing=\dimen104
\titlespace=\skip44
\teaserspace=\skip45
\abstxtspace=\skip46
\vgtc@copyrightlength=\skip47
)
(/usr/share/texlive/texmf-dist/tex/latex/psnfss/mathptmx.sty
Package: mathptmx 2005/04/12 PSNFSS-v9.2a Times w/ Math, improved (SPQR, WaS) 
LaTeX Font Info:    Redeclaring symbol font `operators' on input line 28.
LaTeX Font Info:    Overwriting symbol font `operators' in version `normal'
(Font)                  OT1/cmr/m/n --> OT1/ztmcm/m/n on input line 28.
LaTeX Font Info:    Overwriting symbol font `operators' in version `bold'
(Font)                  OT1/cmr/bx/n --> OT1/ztmcm/m/n on input line 28.
LaTeX Font Info:    Redeclaring symbol font `letters' on input line 29.
LaTeX Font Info:    Overwriting symbol font `letters' in version `normal'
(Font)                  OML/cmm/m/it --> OML/ztmcm/m/it on input line 29.
LaTeX Font Info:    Overwriting symbol font `letters' in version `bold'
(Font)                  OML/cmm/b/it --> OML/ztmcm/m/it on input line 29.
LaTeX Font Info:    Redeclaring symbol font `symbols' on input line 30.
LaTeX Font Info:    Overwriting symbol font `symbols' in version `normal'
(Font)                  OMS/cmsy/m/n --> OMS/ztmcm/m/n on input line 30.
LaTeX Font Info:    Overwriting symbol font `symbols' in version `bold'
(Font)                  OMS/cmsy/b/n --> OMS/ztmcm/m/n on input line 30.
LaTeX Font Info:    Redeclaring symbol font `largesymbols' on input line 31.
LaTeX Font Info:    Overwriting symbol font `largesymbols' in version `normal'
(Font)                  OMX/cmex/m/n --> OMX/ztmcm/m/n on input line 31.
LaTeX Font Info:    Overwriting symbol font `largesymbols' in version `bold'
(Font)                  OMX/cmex/m/n --> OMX/ztmcm/m/n on input line 31.
\symbold=\mathgroup4
\symitalic=\mathgroup5
LaTeX Font Info:    Redeclaring math alphabet \mathbf on input line 34.
LaTeX Font Info:    Overwriting math alphabet `\mathbf' in version `normal'
(Font)                  OT1/cmr/bx/n --> OT1/ptm/bx/n on input line 34.
LaTeX Font Info:    Overwriting math alphabet `\mathbf' in version `bold'
(Font)                  OT1/cmr/bx/n --> OT1/ptm/bx/n on input line 34.
LaTeX Font Info:    Redeclaring math alphabet \mathit on input line 35.
LaTeX Font Info:    Overwriting math alphabet `\mathit' in version `normal'
(Font)                  OT1/cmr/m/it --> OT1/ptm/m/it on input line 35.
LaTeX Font Info:    Overwriting math alphabet `\mathit' in version `bold'
(Font)                  OT1/cmr/bx/it --> OT1/ptm/m/it on input line 35.
LaTeX Info: Redefining \hbar on input line 50.
)
(/usr/share/texlive/texmf-dist/tex/latex/graphics/graphicx.sty
Package: graphicx 1999/02/16 v1.0f Enhanced LaTeX Graphics (DPC,SPQR)

(/usr/share/texlive/texmf-dist/tex/latex/graphics/keyval.sty
Package: keyval 1999/03/16 v1.13 key=value parser (DPC)
\KV@toks@=\toks14
)
(/usr/share/texlive/texmf-dist/tex/latex/graphics/graphics.sty
Package: graphics 2009/02/05 v1.0o Standard LaTeX Graphics (DPC,SPQR)

(/usr/share/texlive/texmf-dist/tex/latex/graphics/trig.sty
Package: trig 1999/03/16 v1.09 sin cos tan (DPC)
)
(/usr/share/texlive/texmf-dist/tex/latex/latexconfig/graphics.cfg
File: graphics.cfg 2010/04/23 v1.9 graphics configuration of TeX Live
)
Package graphics Info: Driver file: pdftex.def on input line 91.

(/usr/share/texlive/texmf-dist/tex/latex/pdftex-def/pdftex.def
File: pdftex.def 2011/05/27 v0.06d Graphics/color for pdfTeX

(/usr/share/texlive/texmf-dist/tex/generic/oberdiek/infwarerr.sty
Package: infwarerr 2010/04/08 v1.3 Providing info/warning/error messages (HO)
)
(/usr/share/texlive/texmf-dist/tex/generic/oberdiek/ltxcmds.sty
Package: ltxcmds 2011/11/09 v1.22 LaTeX kernel commands for general use (HO)
)
\Gread@gobject=\count87
))
\Gin@req@height=\dimen105
\Gin@req@width=\dimen106
)
(/usr/share/texlive/texmf-dist/tex/latex/psnfss/times.sty
Package: times 2005/04/12 PSNFSS-v9.2a (SPQR) 
)
(/usr/share/texlive/texmf-dist/tex/latex/subfigure/subfigure.sty
Package: subfigure 2002/03/15 v2.1.5 subfigure package
\subfigtopskip=\skip48
\subfigcapskip=\skip49
\subfigcaptopadj=\dimen107
\subfigbottomskip=\skip50
\subfigcapmargin=\dimen108
\subfiglabelskip=\skip51
\c@subfigure=\count88
\c@lofdepth=\count89
\c@subtable=\count90
\c@lotdepth=\count91

****************************************
* Local config file subfigure.cfg used *
****************************************
(/usr/share/texlive/texmf-dist/tex/latex/subfigure/subfigure.cfg)
\subfig@top=\skip52
\subfig@bottom=\skip53
)
(/usr/share/texlive/texmf-dist/tex/latex/amsmath/amsmath.sty
Package: amsmath 2013/01/14 v2.14 AMS math features
\@mathmargin=\skip54

For additional information on amsmath, use the `?' option.
(/usr/share/texlive/texmf-dist/tex/latex/amsmath/amstext.sty
Package: amstext 2000/06/29 v2.01

(/usr/share/texlive/texmf-dist/tex/latex/amsmath/amsgen.sty
File: amsgen.sty 1999/11/30 v2.0
\@emptytoks=\toks15
\ex@=\dimen109
))
(/usr/share/texlive/texmf-dist/tex/latex/amsmath/amsbsy.sty
Package: amsbsy 1999/11/29 v1.2d
\pmbraise@=\dimen110
)
(/usr/share/texlive/texmf-dist/tex/latex/amsmath/amsopn.sty
Package: amsopn 1999/12/14 v2.01 operator names
)
\inf@bad=\count92
LaTeX Info: Redefining \frac on input line 210.
\uproot@=\count93
\leftroot@=\count94
LaTeX Info: Redefining \overline on input line 306.
\classnum@=\count95
\DOTSCASE@=\count96
LaTeX Info: Redefining \ldots on input line 378.
LaTeX Info: Redefining \dots on input line 381.
LaTeX Info: Redefining \cdots on input line 466.
\Mathstrutbox@=\box26
\strutbox@=\box27
\big@size=\dimen111
LaTeX Font Info:    Redeclaring font encoding OML on input line 566.
LaTeX Font Info:    Redeclaring font encoding OMS on input line 567.
\macc@depth=\count97
\c@MaxMatrixCols=\count98
\dotsspace@=\muskip10
\c@parentequation=\count99
\dspbrk@lvl=\count100
\tag@help=\toks16
\row@=\count101
\column@=\count102
\maxfields@=\count103
\andhelp@=\toks17
\eqnshift@=\dimen112
\alignsep@=\dimen113
\tagshift@=\dimen114
\tagwidth@=\dimen115
\totwidth@=\dimen116
\lineht@=\dimen117
\@envbody=\toks18
\multlinegap=\skip55
\multlinetaggap=\skip56
\mathdisplay@stack=\toks19
LaTeX Info: Redefining \[ on input line 2665.
LaTeX Info: Redefining \] on input line 2666.
)
(/usr/share/texlive/texmf-dist/tex/latex/marginnote/marginnote.sty
Package: marginnote 2012/03/29 v1.1i non floating margin notes for LaTeX
\c@mn@abspage=\count104
)
(/usr/share/texlive/texmf-dist/tex/latex/hyperref/hyperref.sty
Package: hyperref 2012/11/06 v6.83m Hypertext links for LaTeX

(/usr/share/texlive/texmf-dist/tex/generic/oberdiek/hobsub-hyperref.sty
Package: hobsub-hyperref 2012/05/28 v1.13 Bundle oberdiek, subset hyperref (HO)


(/usr/share/texlive/texmf-dist/tex/generic/oberdiek/hobsub-generic.sty
Package: hobsub-generic 2012/05/28 v1.13 Bundle oberdiek, subset generic (HO)
Package: hobsub 2012/05/28 v1.13 Construct package bundles (HO)
Package hobsub Info: Skipping package `infwarerr' (already loaded).
Package hobsub Info: Skipping package `ltxcmds' (already loaded).
Package: ifluatex 2010/03/01 v1.3 Provides the ifluatex switch (HO)
Package ifluatex Info: LuaTeX not detected.
Package: ifvtex 2010/03/01 v1.5 Detect VTeX and its facilities (HO)
Package ifvtex Info: VTeX not detected.
Package: intcalc 2007/09/27 v1.1 Expandable calculations with integers (HO)
Package: ifpdf 2011/01/30 v2.3 Provides the ifpdf switch (HO)
Package ifpdf Info: pdfTeX in PDF mode is detected.
Package: etexcmds 2011/02/16 v1.5 Avoid name clashes with e-TeX commands (HO)
Package etexcmds Info: Could not find \expanded.
(etexcmds)             That can mean that you are not using pdfTeX 1.50 or
(etexcmds)             that some package has redefined \expanded.
(etexcmds)             In the latter case, load this package earlier.
Package: kvsetkeys 2012/04/25 v1.16 Key value parser (HO)
Package: kvdefinekeys 2011/04/07 v1.3 Define keys (HO)
Package: pdftexcmds 2011/11/29 v0.20 Utility functions of pdfTeX for LuaTeX (HO
)
Package pdftexcmds Info: LuaTeX not detected.
Package pdftexcmds Info: \pdf@primitive is available.
Package pdftexcmds Info: \pdf@ifprimitive is available.
Package pdftexcmds Info: \pdfdraftmode found.
Package: pdfescape 2011/11/25 v1.13 Implements pdfTeX's escape features (HO)
Package: bigintcalc 2012/04/08 v1.3 Expandable calculations on big integers (HO
)
Package: bitset 2011/01/30 v1.1 Handle bit-vector datatype (HO)
Package: uniquecounter 2011/01/30 v1.2 Provide unlimited unique counter (HO)
)
Package hobsub Info: Skipping package `hobsub' (already loaded).
Package: letltxmacro 2010/09/02 v1.4 Let assignment for LaTeX macros (HO)
Package: hopatch 2012/05/28 v1.2 Wrapper for package hooks (HO)
Package: xcolor-patch 2011/01/30 xcolor patch
Package: atveryend 2011/06/30 v1.8 Hooks at the very end of document (HO)
Package atveryend Info: \enddocument detected (standard20110627).
Package: atbegshi 2011/10/05 v1.16 At begin shipout hook (HO)
Package: refcount 2011/10/16 v3.4 Data extraction from label references (HO)
Package: hycolor 2011/01/30 v1.7 Color options for hyperref/bookmark (HO)
)
(/usr/share/texlive/texmf-dist/tex/generic/ifxetex/ifxetex.sty
Package: ifxetex 2010/09/12 v0.6 Provides ifxetex conditional
)
(/usr/share/texlive/texmf-dist/tex/latex/oberdiek/auxhook.sty
Package: auxhook 2011/03/04 v1.3 Hooks for auxiliary files (HO)
)
(/usr/share/texlive/texmf-dist/tex/latex/oberdiek/kvoptions.sty
Package: kvoptions 2011/06/30 v3.11 Key value format for package options (HO)
)
\@linkdim=\dimen118
\Hy@linkcounter=\count105
\Hy@pagecounter=\count106

(/usr/share/texlive/texmf-dist/tex/latex/hyperref/pd1enc.def
File: pd1enc.def 2012/11/06 v6.83m Hyperref: PDFDocEncoding definition (HO)
)
\Hy@SavedSpaceFactor=\count107

(/usr/share/texlive/texmf-dist/tex/latex/latexconfig/hyperref.cfg
File: hyperref.cfg 2002/06/06 v1.2 hyperref configuration of TeXLive
)
Package hyperref Info: Option `bookmarks' set `true' on input line 4319.


Package hyperref Warning: Unexpected value `true'
(hyperref)                of option `backref' instead of
(hyperref)                `section', `slide', `page', `none',
(hyperref)                or `false' on input line 4319.

Package hyperref Info: Hyper figures OFF on input line 4443.
Package hyperref Info: Link nesting OFF on input line 4448.
Package hyperref Info: Hyper index ON on input line 4451.
Package hyperref Info: Plain pages OFF on input line 4458.
Package hyperref Info: Backreferencing OFF on input line 4463.
Package hyperref Info: Implicit mode ON; LaTeX internals redefined.
Package hyperref Info: Bookmarks ON on input line 4688.
\c@Hy@tempcnt=\count108
(/usr/share/texlive/texmf-dist/tex/latex/url/url.sty
\Urlmuskip=\muskip11
Package: url 2013/09/16  ver 3.4  Verb mode for urls, etc.
)
LaTeX Info: Redefining \url on input line 5041.
\XeTeXLinkMargin=\dimen119
\Fld@menulength=\count109
\Field@Width=\dimen120
\Fld@charsize=\dimen121
Package hyperref Info: Hyper figures OFF on input line 6295.
Package hyperref Info: Link nesting OFF on input line 6300.
Package hyperref Info: Hyper index ON on input line 6303.
Package hyperref Info: backreferencing OFF on input line 6310.
Package hyperref Info: Link coloring OFF on input line 6315.
Package hyperref Info: Link coloring with OCG OFF on input line 6320.
Package hyperref Info: PDF/A mode OFF on input line 6325.
LaTeX Info: Redefining \ref on input line 6365.
LaTeX Info: Redefining \pageref on input line 6369.
\Hy@abspage=\count110
\c@Item=\count111
\c@Hfootnote=\count112
)

Package hyperref Message: Driver (autodetected): hpdftex.

(/usr/share/texlive/texmf-dist/tex/latex/hyperref/hpdftex.def
File: hpdftex.def 2012/11/06 v6.83m Hyperref driver for pdfTeX
\Fld@listcount=\count113
\c@bookmark@seq@number=\count114

(/usr/share/texlive/texmf-dist/tex/latex/oberdiek/rerunfilecheck.sty
Package: rerunfilecheck 2011/04/15 v1.7 Rerun checks for auxiliary files (HO)
Package uniquecounter Info: New unique counter `rerunfilecheck' on input line 2
82.
)
\Hy@SectionHShift=\skip57
)
Package hyperref Info: Option `colorlinks' set `true' on input line 57.
Package hyperref Info: Option `pageanchor' set `true' on input line 57.
Package hyperref Info: Option `plainpages' set `false' on input line 57.
Package hyperref Info: Option `linktocpage' set `true' on input line 57.

(./tweether.aux)
\openout1 = `tweether.aux'.

LaTeX Font Info:    Checking defaults for OML/cmm/m/it on input line 127.
LaTeX Font Info:    ... okay on input line 127.
LaTeX Font Info:    Checking defaults for T1/cmr/m/n on input line 127.
LaTeX Font Info:    ... okay on input line 127.
LaTeX Font Info:    Checking defaults for OT1/cmr/m/n on input line 127.
LaTeX Font Info:    ... okay on input line 127.
LaTeX Font Info:    Checking defaults for OMS/cmsy/m/n on input line 127.
LaTeX Font Info:    ... okay on input line 127.
LaTeX Font Info:    Checking defaults for OMX/cmex/m/n on input line 127.
LaTeX Font Info:    ... okay on input line 127.
LaTeX Font Info:    Checking defaults for U/cmr/m/n on input line 127.
LaTeX Font Info:    ... okay on input line 127.
LaTeX Font Info:    Checking defaults for PD1/pdf/m/n on input line 127.
LaTeX Font Info:    ... okay on input line 127.
LaTeX Font Info:    Try loading font information for OT1+ptm on input line 127.

 (/usr/share/texlive/texmf-dist/tex/latex/psnfss/ot1ptm.fd
File: ot1ptm.fd 2001/06/04 font definitions for OT1/ptm.
)
(/usr/share/texlive/texmf-dist/tex/context/base/supp-pdf.mkii
[Loading MPS to PDF converter (version 2006.09.02).]
\scratchcounter=\count115
\scratchdimen=\dimen122
\scratchbox=\box28
\nofMPsegments=\count116
\nofMParguments=\count117
\everyMPshowfont=\toks20
\MPscratchCnt=\count118
\MPscratchDim=\dimen123
\MPnumerator=\count119
\makeMPintoPDFobject=\count120
\everyMPtoPDFconversion=\toks21
) (/usr/share/texlive/texmf-dist/tex/latex/oberdiek/epstopdf-base.sty
Package: epstopdf-base 2010/02/09 v2.5 Base part for package epstopdf

(/usr/share/texlive/texmf-dist/tex/latex/oberdiek/grfext.sty
Package: grfext 2010/08/19 v1.1 Manage graphics extensions (HO)
)
Package grfext Info: Graphics extension search list:
(grfext)             [.png,.pdf,.jpg,.mps,.jpeg,.jbig2,.jb2,.PNG,.PDF,.JPG,.JPE
G,.JBIG2,.JB2,.eps]
(grfext)             \AppendGraphicsExtensions on input line 452.

(/usr/share/texlive/texmf-dist/tex/latex/latexconfig/epstopdf-sys.cfg
File: epstopdf-sys.cfg 2010/07/13 v1.3 Configuration of (r)epstopdf for TeX Liv
e
))
Package marginnote Info: \pdfoutput not 0 and \pdflastxpos available.
(marginnote)             Extended position detection mode activated.
\AtBeginShipoutBox=\box29

(/usr/share/texlive/texmf-dist/tex/latex/graphics/color.sty
Package: color 2005/11/14 v1.0j Standard LaTeX Color (DPC)

(/usr/share/texlive/texmf-dist/tex/latex/latexconfig/color.cfg
File: color.cfg 2007/01/18 v1.5 color configuration of teTeX/TeXLive
)
Package color Info: Driver file: pdftex.def on input line 130.
)
Package hyperref Info: Link coloring ON on input line 127.

(/usr/share/texlive/texmf-dist/tex/latex/hyperref/nameref.sty
Package: nameref 2012/10/27 v2.43 Cross-referencing by name of section

(/usr/share/texlive/texmf-dist/tex/generic/oberdiek/gettitlestring.sty
Package: gettitlestring 2010/12/03 v1.4 Cleanup title references (HO)
)
\c@section@level=\count121
)
LaTeX Info: Redefining \ref on input line 127.
LaTeX Info: Redefining \pageref on input line 127.
LaTeX Info: Redefining \nameref on input line 127.

(./tweether.out) (./tweether.out)
\@outlinefile=\write3
\openout3 = `tweether.out'.

 (./sections/s_introduction.tex
LaTeX Font Info:    Try loading font information for OT1+phv on input line 4.

(/usr/share/texlive/texmf-dist/tex/latex/psnfss/ot1phv.fd
File: ot1phv.fd 2001/06/04 scalable font definitions for OT1/phv.
)
LaTeX Font Info:    Try loading font information for OT1+ztmcm on input line 4.


(/usr/share/texlive/texmf-dist/tex/latex/psnfss/ot1ztmcm.fd
File: ot1ztmcm.fd 2000/01/03 Fontinst v1.801 font definitions for OT1/ztmcm.
)
LaTeX Font Info:    Try loading font information for OML+ztmcm on input line 4.


(/usr/share/texlive/texmf-dist/tex/latex/psnfss/omlztmcm.fd
File: omlztmcm.fd 2000/01/03 Fontinst v1.801 font definitions for OML/ztmcm.
)
LaTeX Font Info:    Try loading font information for OMS+ztmcm on input line 4.


(/usr/share/texlive/texmf-dist/tex/latex/psnfss/omsztmcm.fd
File: omsztmcm.fd 2000/01/03 Fontinst v1.801 font definitions for OMS/ztmcm.
)
LaTeX Font Info:    Try loading font information for OMX+ztmcm on input line 4.


(/usr/share/texlive/texmf-dist/tex/latex/psnfss/omxztmcm.fd
File: omxztmcm.fd 2000/01/03 Fontinst v1.801 font definitions for OMX/ztmcm.
)
LaTeX Font Info:    Font shape `OT1/ptm/bx/n' in size <10> not available
(Font)              Font shape `OT1/ptm/b/n' tried instead on input line 4.
LaTeX Font Info:    Font shape `OT1/ptm/bx/n' in size <7.4> not available
(Font)              Font shape `OT1/ptm/b/n' tried instead on input line 4.
LaTeX Font Info:    Font shape `OT1/ptm/bx/n' in size <6> not available
(Font)              Font shape `OT1/ptm/b/n' tried instead on input line 4.
Package epstopdf Info: Source file: <./images/spoiler.eps>
(epstopdf)                    date: 2015-03-28 09:59:30
(epstopdf)                    size: 3841608 bytes
(epstopdf)             Output file: <./images/spoiler-eps-converted-to.pdf>
(epstopdf)                    date: 2015-03-29 13:49:21
(epstopdf)                    size: 137025 bytes
(epstopdf)             Command: <repstopdf --outfile=./images/spoiler-eps-conve
rted-to.pdf ./images/spoiler.eps>
(epstopdf)             \includegraphics on input line 4.
Package epstopdf Info: Output file is already uptodate.

<./images/spoiler-eps-converted-to.pdf, id=116, 452.69125pt x 179.67125pt>
File: ./images/spoiler-eps-converted-to.pdf Graphic file (type pdf)

<use ./images/spoiler-eps-converted-to.pdf>
Package pdftex.def Info: ./images/spoiler-eps-converted-to.pdf used on input li
ne 4.
(pdftex.def)             Requested size: 455.24408pt x 180.68517pt.

Overfull \hbox (47.69846pt too wide) in paragraph at lines 4--4
 [] []  
 []

LaTeX Font Info:    Font shape `OT1/phv/bx/n' in size <8> not available
(Font)              Font shape `OT1/phv/b/n' tried instead on input line 4.
LaTeX Font Info:    Font shape `OT1/phv/m/it' in size <8> not available
(Font)              Font shape `OT1/phv/m/sl' tried instead on input line 4.
Package epstopdf Info: Source file: <./images/diamondrule.eps>
(epstopdf)                    date: 2015-03-28 09:59:30
(epstopdf)                    size: 1684 bytes
(epstopdf)             Output file: <./images/diamondrule-eps-converted-to.pdf>

(epstopdf)                    date: 2015-03-29 13:49:21
(epstopdf)                    size: 2572 bytes
(epstopdf)             Command: <repstopdf --outfile=./images/diamondrule-eps-c
onverted-to.pdf ./images/diamondrule.eps>
(epstopdf)             \includegraphics on input line 4.
Package epstopdf Info: Output file is already uptodate.
<./images/diamondrule-eps-converted-to.pdf, id=117, 213.79875pt x 12.045pt>
File: ./images/diamondrule-eps-converted-to.pdf Graphic file (type pdf)

<use ./images/diamondrule-eps-converted-to.pdf>
Package pdftex.def Info: ./images/diamondrule-eps-converted-to.pdf used on inpu
t line 4.
(pdftex.def)             Requested size: 213.79822pt x 12.04495pt.
LaTeX Font Info:    Font shape `OT1/phv/bx/n' in size <9> not available
(Font)              Font shape `OT1/phv/b/n' tried instead on input line 4.
LaTeX Font Info:    Font shape `OT1/phv/bx/sc' in size <9> not available
(Font)              Font shape `OT1/phv/b/sc' tried instead on input line 4.
LaTeX Font Info:    Font shape `OT1/ptm/bx/n' in size <8> not available
(Font)              Font shape `OT1/ptm/b/n' tried instead on input line 4.
LaTeX Font Info:    Font shape `OT1/ptm/bx/n' in size <5> not available
(Font)              Font shape `OT1/ptm/b/n' tried instead on input line 4.
LaTeX Font Info:    Try loading font information for OMS+ptm on input line 11.

(/usr/share/texlive/texmf-dist/tex/latex/psnfss/omsptm.fd
File: omsptm.fd 
)
LaTeX Font Info:    Font shape `OMS/ptm/m/n' in size <9> not available
(Font)              Font shape `OMS/cmsy/m/n' tried instead on input line 11.
)
(./sections/s_related.tex [1{/var/lib/texmf/fonts/map/pdftex/updmap/pdftex.map}


 <./images/spoiler-eps-converted-to.pdf> <./images/diamondrule-eps-converted-to
.pdf>]
Package marginnote Info: Margin note 2.1 is on absolute page 2
(marginnote)              on input line 17.
Package marginnote Info: xpos seems to be 210.8026pt,
(marginnote)             \marginnoteleftadjust ignored on input line 17.
) (./sections/s_approach.tex [2]
Package epstopdf Info: Source file: <./images/steps.eps>
(epstopdf)                    date: 2015-03-28 09:59:30
(epstopdf)                    size: 162815 bytes
(epstopdf)             Output file: <./images/steps-eps-converted-to.pdf>
(epstopdf)                    date: 2015-03-29 13:49:22
(epstopdf)                    size: 118902 bytes
(epstopdf)             Command: <repstopdf --outfile=./images/steps-eps-convert
ed-to.pdf ./images/steps.eps>
(epstopdf)             \includegraphics on input line 12.
Package epstopdf Info: Output file is already uptodate.

<./images/steps-eps-converted-to.pdf, id=205, 2183.15625pt x 1314.9125pt>
File: ./images/steps-eps-converted-to.pdf Graphic file (type pdf)

<use ./images/steps-eps-converted-to.pdf>
Package pdftex.def Info: ./images/steps-eps-converted-to.pdf used on input line
 12.
(pdftex.def)             Requested size: 218.32841pt x 131.49895pt.
 [3 <./images/steps-eps-converted-to.pdf>]
LaTeX Font Info:    Font shape `OT1/ptm/bx/n' in size <9> not available
(Font)              Font shape `OT1/ptm/b/n' tried instead on input line 78.
LaTeX Font Info:    Font shape `OT1/ptm/bx/n' in size <7> not available
(Font)              Font shape `OT1/ptm/b/n' tried instead on input line 78.

Underfull \hbox (badness 10000) in paragraph at lines 83--84

 []

Package epstopdf Info: Source file: <./images/blurBefore.eps>
(epstopdf)                    date: 2015-03-28 09:59:30
(epstopdf)                    size: 280721 bytes
(epstopdf)             Output file: <./images/blurBefore-eps-converted-to.pdf>
(epstopdf)                    date: 2015-03-29 13:49:23
(epstopdf)                    size: 143957 bytes
(epstopdf)             Command: <repstopdf --outfile=./images/blurBefore-eps-co
nverted-to.pdf ./images/blurBefore.eps>
(epstopdf)             \includegraphics on input line 90.
Package epstopdf Info: Output file is already uptodate.
<./images/blurBefore-eps-converted-to.pdf, id=221, 1311.90125pt x 648.4225pt>
File: ./images/blurBefore-eps-converted-to.pdf Graphic file (type pdf)

<use ./images/blurBefore-eps-converted-to.pdf>
Package pdftex.def Info: ./images/blurBefore-eps-converted-to.pdf used on input
 line 90.
(pdftex.def)             Requested size: 118.06601pt x 58.3555pt.
Package epstopdf Info: Source file: <./images/blurAfter.eps>
(epstopdf)                    date: 2015-03-28 09:59:30
(epstopdf)                    size: 370617 bytes
(epstopdf)             Output file: <./images/blurAfter-eps-converted-to.pdf>
(epstopdf)                    date: 2015-03-29 13:49:23
(epstopdf)                    size: 144443 bytes
(epstopdf)             Command: <repstopdf --outfile=./images/blurAfter-eps-con
verted-to.pdf ./images/blurAfter.eps>
(epstopdf)             \includegraphics on input line 91.
Package epstopdf Info: Output file is already uptodate.

<./images/blurAfter-eps-converted-to.pdf, id=222, 1280.785pt x 675.52374pt>
File: ./images/blurAfter-eps-converted-to.pdf Graphic file (type pdf)

<use ./images/blurAfter-eps-converted-to.pdf>
Package pdftex.def Info: ./images/blurAfter-eps-converted-to.pdf used on input 
line 91.
(pdftex.def)             Requested size: 115.26567pt x 60.79451pt.
Package epstopdf Info: Source file: <./images/blurAfter.eps>
(epstopdf)                    date: 2015-03-28 09:59:30
(epstopdf)                    size: 370617 bytes
(epstopdf)             Output file: <./images/blurAfter-eps-converted-to.pdf>
(epstopdf)                    date: 2015-03-29 13:49:23
(epstopdf)                    size: 144443 bytes
(epstopdf)             Command: <repstopdf --outfile=./images/blurAfter-eps-con
verted-to.pdf ./images/blurAfter.eps>
(epstopdf)             \includegraphics on input line 92.
Package epstopdf Info: Output file is already uptodate.
File: ./images/blurAfter-eps-converted-to.pdf Graphic file (type pdf)

<use ./images/blurAfter-eps-converted-to.pdf>
Package pdftex.def Info: ./images/blurAfter-eps-converted-to.pdf used on input 
line 92.
(pdftex.def)             Requested size: 115.26567pt x 60.79451pt.

Underfull \hbox (badness 10000) in paragraph at lines 118--119

 []

) (./sections/s_visualization.tex

LaTeX Warning: Reference `fig:maps' on page 4 undefined on input line 7.

[4 <./images/blurBefore-eps-converted-to.pdf> <./images/blurAfter-eps-converted
-to.pdf>]
Package epstopdf Info: Source file: <./images/blurBefore.eps>
(epstopdf)                    date: 2015-03-28 09:59:30
(epstopdf)                    size: 280721 bytes
(epstopdf)             Output file: <./images/blurBefore-eps-converted-to.pdf>
(epstopdf)                    date: 2015-03-29 13:49:23
(epstopdf)                    size: 143957 bytes
(epstopdf)             Command: <repstopdf --outfile=./images/blurBefore-eps-co
nverted-to.pdf ./images/blurBefore.eps>
(epstopdf)             \includegraphics on input line 17.
Package epstopdf Info: Output file is already uptodate.
File: ./images/blurBefore-eps-converted-to.pdf Graphic file (type pdf)
 <use ./images/blurBefore-eps-converted-to.pdf>
Package pdftex.def Info: ./images/blurBefore-eps-converted-to.pdf used on input
 line 17.
(pdftex.def)             Requested size: 118.06601pt x 58.3555pt.
Package epstopdf Info: Source file: <./images/blurAfter.eps>
(epstopdf)                    date: 2015-03-28 09:59:30
(epstopdf)                    size: 370617 bytes
(epstopdf)             Output file: <./images/blurAfter-eps-converted-to.pdf>
(epstopdf)                    date: 2015-03-29 13:49:23
(epstopdf)                    size: 144443 bytes
(epstopdf)             Command: <repstopdf --outfile=./images/blurAfter-eps-con
verted-to.pdf ./images/blurAfter.eps>
(epstopdf)             \includegraphics on input line 18.
Package epstopdf Info: Output file is already uptodate.
File: ./images/blurAfter-eps-converted-to.pdf Graphic file (type pdf)

<use ./images/blurAfter-eps-converted-to.pdf>
Package pdftex.def Info: ./images/blurAfter-eps-converted-to.pdf used on input 
line 18.
(pdftex.def)             Requested size: 115.26567pt x 60.79451pt.
Package epstopdf Info: Source file: <./images/sample.eps>
(epstopdf)                    date: 2015-03-28 09:59:30
(epstopdf)                    size: 182078 bytes
(epstopdf)             Output file: <./images/sample-eps-converted-to.pdf>
(epstopdf)                    date: 2015-03-29 13:49:23
(epstopdf)                    size: 2798 bytes
(epstopdf)             Command: <repstopdf --outfile=./images/sample-eps-conver
ted-to.pdf ./images/sample.eps>
(epstopdf)             \includegraphics on input line 35.
Package epstopdf Info: Output file is already uptodate.

<./images/sample-eps-converted-to.pdf, id=255, 102.3825pt x 102.3825pt>
File: ./images/sample-eps-converted-to.pdf Graphic file (type pdf)

<use ./images/sample-eps-converted-to.pdf>
Package pdftex.def Info: ./images/sample-eps-converted-to.pdf used on input lin
e 35.
(pdftex.def)             Requested size: 153.57336pt x 153.57336pt.
Package epstopdf Info: Source file: <./images/sample.eps>
(epstopdf)                    date: 2015-03-28 09:59:30
(epstopdf)                    size: 182078 bytes
(epstopdf)             Output file: <./images/sample-eps-converted-to.pdf>
(epstopdf)                    date: 2015-03-29 13:49:23
(epstopdf)                    size: 2798 bytes
(epstopdf)             Command: <repstopdf --outfile=./images/sample-eps-conver
ted-to.pdf ./images/sample.eps>
(epstopdf)             \includegraphics on input line 36.
Package epstopdf Info: Output file is already uptodate.
File: ./images/sample-eps-converted-to.pdf Graphic file (type pdf)

<use ./images/sample-eps-converted-to.pdf>
Package pdftex.def Info: ./images/sample-eps-converted-to.pdf used on input lin
e 36.
(pdftex.def)             Requested size: 153.57336pt x 153.57336pt.
Package epstopdf Info: Source file: <./images/sample.eps>
(epstopdf)                    date: 2015-03-28 09:59:30
(epstopdf)                    size: 182078 bytes
(epstopdf)             Output file: <./images/sample-eps-converted-to.pdf>
(epstopdf)                    date: 2015-03-29 13:49:23
(epstopdf)                    size: 2798 bytes
(epstopdf)             Command: <repstopdf --outfile=./images/sample-eps-conver
ted-to.pdf ./images/sample.eps>
(epstopdf)             \includegraphics on input line 37.
Package epstopdf Info: Output file is already uptodate.
File: ./images/sample-eps-converted-to.pdf Graphic file (type pdf)

<use ./images/sample-eps-converted-to.pdf>
Package pdftex.def Info: ./images/sample-eps-converted-to.pdf used on input lin
e 37.
(pdftex.def)             Requested size: 153.57336pt x 153.57336pt.
) (./sections/s_result.tex
Package epstopdf Info: Source file: <./images/chart1.eps>
(epstopdf)                    date: 2015-03-28 09:59:30
(epstopdf)                    size: 44885 bytes
(epstopdf)             Output file: <./images/chart1-eps-converted-to.pdf>
(epstopdf)                    date: 2015-03-29 13:49:24
(epstopdf)                    size: 27676 bytes
(epstopdf)             Command: <repstopdf --outfile=./images/chart1-eps-conver
ted-to.pdf ./images/chart1.eps>
(epstopdf)             \includegraphics on input line 7.
Package epstopdf Info: Output file is already uptodate.

<./images/chart1-eps-converted-to.pdf, id=256, 607.26875pt x 341.275pt>
File: ./images/chart1-eps-converted-to.pdf Graphic file (type pdf)

<use ./images/chart1-eps-converted-to.pdf>
Package pdftex.def Info: ./images/chart1-eps-converted-to.pdf used on input lin
e 7.
(pdftex.def)             Requested size: 151.81682pt x 85.31853pt.
Package epstopdf Info: Source file: <./images/chart2.eps>
(epstopdf)                    date: 2015-03-28 09:59:30
(epstopdf)                    size: 41600 bytes
(epstopdf)             Output file: <./images/chart2-eps-converted-to.pdf>
(epstopdf)                    date: 2015-03-29 13:49:24
(epstopdf)                    size: 20963 bytes
(epstopdf)             Command: <repstopdf --outfile=./images/chart2-eps-conver
ted-to.pdf ./images/chart2.eps>
(epstopdf)             \includegraphics on input line 8.
Package epstopdf Info: Output file is already uptodate.

<./images/chart2-eps-converted-to.pdf, id=257, 607.26875pt x 341.275pt>
File: ./images/chart2-eps-converted-to.pdf Graphic file (type pdf)

<use ./images/chart2-eps-converted-to.pdf>
Package pdftex.def Info: ./images/chart2-eps-converted-to.pdf used on input lin
e 8.
(pdftex.def)             Requested size: 151.81682pt x 85.31853pt.
Package epstopdf Info: Source file: <./images/chart3.eps>
(epstopdf)                    date: 2015-03-28 09:59:30
(epstopdf)                    size: 43986 bytes
(epstopdf)             Output file: <./images/chart3-eps-converted-to.pdf>
(epstopdf)                    date: 2015-03-29 13:49:24
(epstopdf)                    size: 22503 bytes
(epstopdf)             Command: <repstopdf --outfile=./images/chart3-eps-conver
ted-to.pdf ./images/chart3.eps>
(epstopdf)             \includegraphics on input line 9.
Package epstopdf Info: Output file is already uptodate.

<./images/chart3-eps-converted-to.pdf, id=258, 607.26875pt x 341.275pt>
File: ./images/chart3-eps-converted-to.pdf Graphic file (type pdf)

<use ./images/chart3-eps-converted-to.pdf>
Package pdftex.def Info: ./images/chart3-eps-converted-to.pdf used on input lin
e 9.
(pdftex.def)             Requested size: 151.81682pt x 85.31853pt.
Package epstopdf Info: Source file: <./images/steps.eps>
(epstopdf)                    date: 2015-03-28 09:59:30
(epstopdf)                    size: 162815 bytes
(epstopdf)             Output file: <./images/steps-eps-converted-to.pdf>
(epstopdf)                    date: 2015-03-29 13:49:22
(epstopdf)                    size: 118902 bytes
(epstopdf)             Command: <repstopdf --outfile=./images/steps-eps-convert
ed-to.pdf ./images/steps.eps>
(epstopdf)             \includegraphics on input line 34.
Package epstopdf Info: Output file is already uptodate.
File: ./images/steps-eps-converted-to.pdf Graphic file (type pdf)

<use ./images/steps-eps-converted-to.pdf>
Package pdftex.def Info: ./images/steps-eps-converted-to.pdf used on input line
 34.
(pdftex.def)             Requested size: 218.32841pt x 131.49895pt.
) (./sections/s_discussion.tex
[5]) (./sections/s_future.tex
Underfull \vbox (badness 10000) has occurred while \output is active []

 [6 <./images/sample-eps-converted-to.pdf> <./images/chart1-eps-converted-to.pd
f> <./images/chart2-eps-converted-to.pdf> <./images/chart3-eps-converted-to.pdf
>])
(./sections/s_conclusion.tex) (./tweether.bbl)
Package atveryend Info: Empty hook `BeforeClearDocument' on input line 154.
 [7]
Package atveryend Info: Empty hook `AfterLastShipout' on input line 154.
 (./tweether.aux)
Package atveryend Info: Executing hook `AtVeryEndDocument' on input line 154.
Package atveryend Info: Executing hook `AtEndAfterFileList' on input line 154.
Package rerunfilecheck Info: File `tweether.out' has not changed.
(rerunfilecheck)             Checksum: 6A0023358B6459B0DD75FE9A35F4BAB4;1716.


LaTeX Warning: There were undefined references.

Package atveryend Info: Empty hook `AtVeryVeryEnd' on input line 154.
 ) 
Here is how much of TeX's memory you used:
 6480 strings out of 493304
 95175 string characters out of 6139871
 192130 words of memory out of 5000000
 9704 multiletter control sequences out of 15000+600000
 49672 words of font info for 95 fonts, out of 8000000 for 9000
 957 hyphenation exceptions out of 8191
 31i,8n,29p,1741b,381s stack positions out of 5000i,500n,10000p,200000b,80000s
{/usr/share/texlive/texmf-dist/fonts/enc/dvips/base/8r.enc}</usr/share/texliv
e/texmf-dist/fonts/type1/public/amsfonts/cm/cmmi10.pfb></usr/share/texlive/texm
f-dist/fonts/type1/public/amsfonts/cm/cmr10.pfb></usr/share/texlive/texmf-dist/
fonts/type1/public/amsfonts/cm/cmsy10.pfb></usr/share/texlive/texmf-dist/fonts/
type1/public/amsfonts/cm/cmsy9.pfb></usr/share/texlive/texmf-dist/fonts/type1/u
rw/helvetic/uhvb8a.pfb></usr/share/texlive/texmf-dist/fonts/type1/urw/helvetic/
uhvr8a.pfb></usr/share/texlive/texmf-dist/fonts/type1/urw/helvetic/uhvro8a.pfb>
</usr/share/texlive/texmf-dist/fonts/type1/urw/symbol/usyr.pfb></usr/share/texl
ive/texmf-dist/fonts/type1/urw/times/utmb8a.pfb></usr/share/texlive/texmf-dist/
fonts/type1/urw/times/utmr8a.pfb></usr/share/texlive/texmf-dist/fonts/type1/urw
/times/utmri8a.pfb>
Output written on tweether.pdf (7 pages, 747736 bytes).
PDF statistics:
 368 PDF objects out of 1000 (max. 8388607)
 328 compressed objects within 4 object streams
 86 named destinations out of 1000 (max. 500000)
 270 words of extra memory for PDF output out of 10000 (max. 10000000)

