\BOOKMARK [1][-]{section.1}{Introduction}{}% 1
\BOOKMARK [1][-]{section.2}{Related Work}{}% 2
\BOOKMARK [2][-]{subsection.2.1}{Psychological Studies}{section.2}% 3
\BOOKMARK [2][-]{subsection.2.2}{Social Media, Weather, and Emotions}{section.2}% 4
\BOOKMARK [2][-]{subsection.2.3}{Sentiment Analysis in Social Media}{section.2}% 5
\BOOKMARK [2][-]{subsection.2.4}{Visualizations}{section.2}% 6
\BOOKMARK [3][-]{subsubsection.2.4.1}{Clustering}{subsection.2.4}% 7
\BOOKMARK [3][-]{subsubsection.2.4.2}{Bundling}{subsection.2.4}% 8
\BOOKMARK [2][-]{subsection.2.5}{Predictions}{section.2}% 9
\BOOKMARK [1][-]{section.3}{Approach}{}% 10
\BOOKMARK [2][-]{subsection.3.1}{Data Sets}{section.3}% 11
\BOOKMARK [2][-]{subsection.3.2}{Weather Clustering}{section.3}% 12
\BOOKMARK [2][-]{subsection.3.3}{Sentiment Classification}{section.3}% 13
\BOOKMARK [2][-]{subsection.3.4}{Correlation}{section.3}% 14
\BOOKMARK [2][-]{subsection.3.5}{Prediction}{section.3}% 15
\BOOKMARK [1][-]{section.4}{Visualization}{}% 16
\BOOKMARK [2][-]{subsection.4.1}{Layers}{section.4}% 17
\BOOKMARK [2][-]{subsection.4.2}{Cloud Reperesentation}{section.4}% 18
\BOOKMARK [2][-]{subsection.4.3}{Line Bundling}{section.4}% 19
\BOOKMARK [1][-]{section.5}{Case Studies}{}% 20
\BOOKMARK [2][-]{subsection.5.1}{Tweet weather correlation}{section.5}% 21
\BOOKMARK [3][-]{subsubsection.5.1.1}{All Tweets}{subsection.5.1}% 22
\BOOKMARK [3][-]{subsubsection.5.1.2}{Weather related tweets}{subsection.5.1}% 23
\BOOKMARK [2][-]{subsection.5.2}{Predicted?}{section.5}% 24
\BOOKMARK [1][-]{section.6}{Discussion}{}% 25
\BOOKMARK [1][-]{section.7}{Future Work}{}% 26
\BOOKMARK [1][-]{section.8}{Conclusion}{}% 27
