This is pdfTeX, Version 3.1415926-2.5-1.40.14 (TeX Live 2013/Debian) (format=pdflatex 2015.3.13)  28 MAR 2015 21:09
entering extended mode
 restricted \write18 enabled.
 %&-line parsing enabled.
**template.tex
(./template.tex
LaTeX2e <2011/06/27>
Babel <3.9h> and hyphenation patterns for 78 languages loaded.
(./vgtc.cls
Document Class: vgtc 2006/05/21 IEEE VGTC
(/usr/share/texlive/texmf-dist/tex/latex/base/article.cls
Document Class: article 2007/10/19 v1.4h Standard LaTeX document class
(/usr/share/texlive/texmf-dist/tex/latex/base/size10.clo
File: size10.clo 2007/10/19 v1.4h Standard LaTeX file (size option)
)
\c@part=\count79
\c@section=\count80
\c@subsection=\count81
\c@subsubsection=\count82
\c@paragraph=\count83
\c@subparagraph=\count84
\c@figure=\count85
\c@table=\count86
\abovecaptionskip=\skip41
\belowcaptionskip=\skip42
\bibindent=\dimen102
)
\captionmargin=\skip43
\bibindent=\dimen103
\bibspacing=\dimen104
\titlespace=\skip44
\teaserspace=\skip45
\abstxtspace=\skip46
\vgtc@copyrightlength=\skip47
)
(/usr/share/texlive/texmf-dist/tex/latex/psnfss/mathptmx.sty
Package: mathptmx 2005/04/12 PSNFSS-v9.2a Times w/ Math, improved (SPQR, WaS) 
LaTeX Font Info:    Redeclaring symbol font `operators' on input line 28.
LaTeX Font Info:    Overwriting symbol font `operators' in version `normal'
(Font)                  OT1/cmr/m/n --> OT1/ztmcm/m/n on input line 28.
LaTeX Font Info:    Overwriting symbol font `operators' in version `bold'
(Font)                  OT1/cmr/bx/n --> OT1/ztmcm/m/n on input line 28.
LaTeX Font Info:    Redeclaring symbol font `letters' on input line 29.
LaTeX Font Info:    Overwriting symbol font `letters' in version `normal'
(Font)                  OML/cmm/m/it --> OML/ztmcm/m/it on input line 29.
LaTeX Font Info:    Overwriting symbol font `letters' in version `bold'
(Font)                  OML/cmm/b/it --> OML/ztmcm/m/it on input line 29.
LaTeX Font Info:    Redeclaring symbol font `symbols' on input line 30.
LaTeX Font Info:    Overwriting symbol font `symbols' in version `normal'
(Font)                  OMS/cmsy/m/n --> OMS/ztmcm/m/n on input line 30.
LaTeX Font Info:    Overwriting symbol font `symbols' in version `bold'
(Font)                  OMS/cmsy/b/n --> OMS/ztmcm/m/n on input line 30.
LaTeX Font Info:    Redeclaring symbol font `largesymbols' on input line 31.
LaTeX Font Info:    Overwriting symbol font `largesymbols' in version `normal'
(Font)                  OMX/cmex/m/n --> OMX/ztmcm/m/n on input line 31.
LaTeX Font Info:    Overwriting symbol font `largesymbols' in version `bold'
(Font)                  OMX/cmex/m/n --> OMX/ztmcm/m/n on input line 31.
\symbold=\mathgroup4
\symitalic=\mathgroup5
LaTeX Font Info:    Redeclaring math alphabet \mathbf on input line 34.
LaTeX Font Info:    Overwriting math alphabet `\mathbf' in version `normal'
(Font)                  OT1/cmr/bx/n --> OT1/ptm/bx/n on input line 34.
LaTeX Font Info:    Overwriting math alphabet `\mathbf' in version `bold'
(Font)                  OT1/cmr/bx/n --> OT1/ptm/bx/n on input line 34.
LaTeX Font Info:    Redeclaring math alphabet \mathit on input line 35.
LaTeX Font Info:    Overwriting math alphabet `\mathit' in version `normal'
(Font)                  OT1/cmr/m/it --> OT1/ptm/m/it on input line 35.
LaTeX Font Info:    Overwriting math alphabet `\mathit' in version `bold'
(Font)                  OT1/cmr/bx/it --> OT1/ptm/m/it on input line 35.
LaTeX Info: Redefining \hbar on input line 50.
)
(/usr/share/texlive/texmf-dist/tex/latex/graphics/graphicx.sty
Package: graphicx 1999/02/16 v1.0f Enhanced LaTeX Graphics (DPC,SPQR)

(/usr/share/texlive/texmf-dist/tex/latex/graphics/keyval.sty
Package: keyval 1999/03/16 v1.13 key=value parser (DPC)
\KV@toks@=\toks14
)
(/usr/share/texlive/texmf-dist/tex/latex/graphics/graphics.sty
Package: graphics 2009/02/05 v1.0o Standard LaTeX Graphics (DPC,SPQR)

(/usr/share/texlive/texmf-dist/tex/latex/graphics/trig.sty
Package: trig 1999/03/16 v1.09 sin cos tan (DPC)
)
(/usr/share/texlive/texmf-dist/tex/latex/latexconfig/graphics.cfg
File: graphics.cfg 2010/04/23 v1.9 graphics configuration of TeX Live
)
Package graphics Info: Driver file: pdftex.def on input line 91.

(/usr/share/texlive/texmf-dist/tex/latex/pdftex-def/pdftex.def
File: pdftex.def 2011/05/27 v0.06d Graphics/color for pdfTeX

(/usr/share/texlive/texmf-dist/tex/generic/oberdiek/infwarerr.sty
Package: infwarerr 2010/04/08 v1.3 Providing info/warning/error messages (HO)
)
(/usr/share/texlive/texmf-dist/tex/generic/oberdiek/ltxcmds.sty
Package: ltxcmds 2011/11/09 v1.22 LaTeX kernel commands for general use (HO)
)
\Gread@gobject=\count87
))
\Gin@req@height=\dimen105
\Gin@req@width=\dimen106
)
(/usr/share/texlive/texmf-dist/tex/latex/psnfss/times.sty
Package: times 2005/04/12 PSNFSS-v9.2a (SPQR) 
)
(/usr/share/texlive/texmf-dist/tex/latex/subfigure/subfigure.sty
Package: subfigure 2002/03/15 v2.1.5 subfigure package
\subfigtopskip=\skip48
\subfigcapskip=\skip49
\subfigcaptopadj=\dimen107
\subfigbottomskip=\skip50
\subfigcapmargin=\dimen108
\subfiglabelskip=\skip51
\c@subfigure=\count88
\c@lofdepth=\count89
\c@subtable=\count90
\c@lotdepth=\count91

****************************************
* Local config file subfigure.cfg used *
****************************************
(/usr/share/texlive/texmf-dist/tex/latex/subfigure/subfigure.cfg)
\subfig@top=\skip52
\subfig@bottom=\skip53
)
(/usr/share/texlive/texmf-dist/tex/latex/amsmath/amsmath.sty
Package: amsmath 2013/01/14 v2.14 AMS math features
\@mathmargin=\skip54

For additional information on amsmath, use the `?' option.
(/usr/share/texlive/texmf-dist/tex/latex/amsmath/amstext.sty
Package: amstext 2000/06/29 v2.01

(/usr/share/texlive/texmf-dist/tex/latex/amsmath/amsgen.sty
File: amsgen.sty 1999/11/30 v2.0
\@emptytoks=\toks15
\ex@=\dimen109
))
(/usr/share/texlive/texmf-dist/tex/latex/amsmath/amsbsy.sty
Package: amsbsy 1999/11/29 v1.2d
\pmbraise@=\dimen110
)
(/usr/share/texlive/texmf-dist/tex/latex/amsmath/amsopn.sty
Package: amsopn 1999/12/14 v2.01 operator names
)
\inf@bad=\count92
LaTeX Info: Redefining \frac on input line 210.
\uproot@=\count93
\leftroot@=\count94
LaTeX Info: Redefining \overline on input line 306.
\classnum@=\count95
\DOTSCASE@=\count96
LaTeX Info: Redefining \ldots on input line 378.
LaTeX Info: Redefining \dots on input line 381.
LaTeX Info: Redefining \cdots on input line 466.
\Mathstrutbox@=\box26
\strutbox@=\box27
\big@size=\dimen111
LaTeX Font Info:    Redeclaring font encoding OML on input line 566.
LaTeX Font Info:    Redeclaring font encoding OMS on input line 567.
\macc@depth=\count97
\c@MaxMatrixCols=\count98
\dotsspace@=\muskip10
\c@parentequation=\count99
\dspbrk@lvl=\count100
\tag@help=\toks16
\row@=\count101
\column@=\count102
\maxfields@=\count103
\andhelp@=\toks17
\eqnshift@=\dimen112
\alignsep@=\dimen113
\tagshift@=\dimen114
\tagwidth@=\dimen115
\totwidth@=\dimen116
\lineht@=\dimen117
\@envbody=\toks18
\multlinegap=\skip55
\multlinetaggap=\skip56
\mathdisplay@stack=\toks19
LaTeX Info: Redefining \[ on input line 2665.
LaTeX Info: Redefining \] on input line 2666.
)
(/usr/share/texlive/texmf-dist/tex/latex/hyperref/hyperref.sty
Package: hyperref 2012/11/06 v6.83m Hypertext links for LaTeX

(/usr/share/texlive/texmf-dist/tex/generic/oberdiek/hobsub-hyperref.sty
Package: hobsub-hyperref 2012/05/28 v1.13 Bundle oberdiek, subset hyperref (HO)


(/usr/share/texlive/texmf-dist/tex/generic/oberdiek/hobsub-generic.sty
Package: hobsub-generic 2012/05/28 v1.13 Bundle oberdiek, subset generic (HO)
Package: hobsub 2012/05/28 v1.13 Construct package bundles (HO)
Package hobsub Info: Skipping package `infwarerr' (already loaded).
Package hobsub Info: Skipping package `ltxcmds' (already loaded).
Package: ifluatex 2010/03/01 v1.3 Provides the ifluatex switch (HO)
Package ifluatex Info: LuaTeX not detected.
Package: ifvtex 2010/03/01 v1.5 Detect VTeX and its facilities (HO)
Package ifvtex Info: VTeX not detected.
Package: intcalc 2007/09/27 v1.1 Expandable calculations with integers (HO)
Package: ifpdf 2011/01/30 v2.3 Provides the ifpdf switch (HO)
Package ifpdf Info: pdfTeX in PDF mode is detected.
Package: etexcmds 2011/02/16 v1.5 Avoid name clashes with e-TeX commands (HO)
Package etexcmds Info: Could not find \expanded.
(etexcmds)             That can mean that you are not using pdfTeX 1.50 or
(etexcmds)             that some package has redefined \expanded.
(etexcmds)             In the latter case, load this package earlier.
Package: kvsetkeys 2012/04/25 v1.16 Key value parser (HO)
Package: kvdefinekeys 2011/04/07 v1.3 Define keys (HO)
Package: pdftexcmds 2011/11/29 v0.20 Utility functions of pdfTeX for LuaTeX (HO
)
Package pdftexcmds Info: LuaTeX not detected.
Package pdftexcmds Info: \pdf@primitive is available.
Package pdftexcmds Info: \pdf@ifprimitive is available.
Package pdftexcmds Info: \pdfdraftmode found.
Package: pdfescape 2011/11/25 v1.13 Implements pdfTeX's escape features (HO)
Package: bigintcalc 2012/04/08 v1.3 Expandable calculations on big integers (HO
)
Package: bitset 2011/01/30 v1.1 Handle bit-vector datatype (HO)
Package: uniquecounter 2011/01/30 v1.2 Provide unlimited unique counter (HO)
)
Package hobsub Info: Skipping package `hobsub' (already loaded).
Package: letltxmacro 2010/09/02 v1.4 Let assignment for LaTeX macros (HO)
Package: hopatch 2012/05/28 v1.2 Wrapper for package hooks (HO)
Package: xcolor-patch 2011/01/30 xcolor patch
Package: atveryend 2011/06/30 v1.8 Hooks at the very end of document (HO)
Package atveryend Info: \enddocument detected (standard20110627).
Package: atbegshi 2011/10/05 v1.16 At begin shipout hook (HO)
Package: refcount 2011/10/16 v3.4 Data extraction from label references (HO)
Package: hycolor 2011/01/30 v1.7 Color options for hyperref/bookmark (HO)
)
(/usr/share/texlive/texmf-dist/tex/generic/ifxetex/ifxetex.sty
Package: ifxetex 2010/09/12 v0.6 Provides ifxetex conditional
)
(/usr/share/texlive/texmf-dist/tex/latex/oberdiek/auxhook.sty
Package: auxhook 2011/03/04 v1.3 Hooks for auxiliary files (HO)
)
(/usr/share/texlive/texmf-dist/tex/latex/oberdiek/kvoptions.sty
Package: kvoptions 2011/06/30 v3.11 Key value format for package options (HO)
)
\@linkdim=\dimen118
\Hy@linkcounter=\count104
\Hy@pagecounter=\count105

(/usr/share/texlive/texmf-dist/tex/latex/hyperref/pd1enc.def
File: pd1enc.def 2012/11/06 v6.83m Hyperref: PDFDocEncoding definition (HO)
)
\Hy@SavedSpaceFactor=\count106

(/usr/share/texlive/texmf-dist/tex/latex/latexconfig/hyperref.cfg
File: hyperref.cfg 2002/06/06 v1.2 hyperref configuration of TeXLive
)
Package hyperref Info: Option `bookmarks' set `true' on input line 4319.


Package hyperref Warning: Unexpected value `true'
(hyperref)                of option `backref' instead of
(hyperref)                `section', `slide', `page', `none',
(hyperref)                or `false' on input line 4319.

Package hyperref Info: Hyper figures OFF on input line 4443.
Package hyperref Info: Link nesting OFF on input line 4448.
Package hyperref Info: Hyper index ON on input line 4451.
Package hyperref Info: Plain pages OFF on input line 4458.
Package hyperref Info: Backreferencing OFF on input line 4463.
Package hyperref Info: Implicit mode ON; LaTeX internals redefined.
Package hyperref Info: Bookmarks ON on input line 4688.
\c@Hy@tempcnt=\count107
(/usr/share/texlive/texmf-dist/tex/latex/url/url.sty
\Urlmuskip=\muskip11
Package: url 2013/09/16  ver 3.4  Verb mode for urls, etc.
)
LaTeX Info: Redefining \url on input line 5041.
\XeTeXLinkMargin=\dimen119
\Fld@menulength=\count108
\Field@Width=\dimen120
\Fld@charsize=\dimen121
Package hyperref Info: Hyper figures OFF on input line 6295.
Package hyperref Info: Link nesting OFF on input line 6300.
Package hyperref Info: Hyper index ON on input line 6303.
Package hyperref Info: backreferencing OFF on input line 6310.
Package hyperref Info: Link coloring OFF on input line 6315.
Package hyperref Info: Link coloring with OCG OFF on input line 6320.
Package hyperref Info: PDF/A mode OFF on input line 6325.
LaTeX Info: Redefining \ref on input line 6365.
LaTeX Info: Redefining \pageref on input line 6369.
\Hy@abspage=\count109
\c@Item=\count110
\c@Hfootnote=\count111
)

Package hyperref Message: Driver (autodetected): hpdftex.

(/usr/share/texlive/texmf-dist/tex/latex/hyperref/hpdftex.def
File: hpdftex.def 2012/11/06 v6.83m Hyperref driver for pdfTeX
\Fld@listcount=\count112
\c@bookmark@seq@number=\count113

(/usr/share/texlive/texmf-dist/tex/latex/oberdiek/rerunfilecheck.sty
Package: rerunfilecheck 2011/04/15 v1.7 Rerun checks for auxiliary files (HO)
Package uniquecounter Info: New unique counter `rerunfilecheck' on input line 2
82.
)
\Hy@SectionHShift=\skip57
)
Package hyperref Info: Option `colorlinks' set `true' on input line 52.
Package hyperref Info: Option `pageanchor' set `true' on input line 52.
Package hyperref Info: Option `plainpages' set `false' on input line 52.
Package hyperref Info: Option `linktocpage' set `true' on input line 52.

(./template.aux)
\openout1 = `template.aux'.

LaTeX Font Info:    Checking defaults for OML/cmm/m/it on input line 120.
LaTeX Font Info:    ... okay on input line 120.
LaTeX Font Info:    Checking defaults for T1/cmr/m/n on input line 120.
LaTeX Font Info:    ... okay on input line 120.
LaTeX Font Info:    Checking defaults for OT1/cmr/m/n on input line 120.
LaTeX Font Info:    ... okay on input line 120.
LaTeX Font Info:    Checking defaults for OMS/cmsy/m/n on input line 120.
LaTeX Font Info:    ... okay on input line 120.
LaTeX Font Info:    Checking defaults for OMX/cmex/m/n on input line 120.
LaTeX Font Info:    ... okay on input line 120.
LaTeX Font Info:    Checking defaults for U/cmr/m/n on input line 120.
LaTeX Font Info:    ... okay on input line 120.
LaTeX Font Info:    Checking defaults for PD1/pdf/m/n on input line 120.
LaTeX Font Info:    ... okay on input line 120.
LaTeX Font Info:    Try loading font information for OT1+ptm on input line 120.

 (/usr/share/texlive/texmf-dist/tex/latex/psnfss/ot1ptm.fd
File: ot1ptm.fd 2001/06/04 font definitions for OT1/ptm.
)
(/usr/share/texlive/texmf-dist/tex/context/base/supp-pdf.mkii
[Loading MPS to PDF converter (version 2006.09.02).]
\scratchcounter=\count114
\scratchdimen=\dimen122
\scratchbox=\box28
\nofMPsegments=\count115
\nofMParguments=\count116
\everyMPshowfont=\toks20
\MPscratchCnt=\count117
\MPscratchDim=\dimen123
\MPnumerator=\count118
\makeMPintoPDFobject=\count119
\everyMPtoPDFconversion=\toks21
) (/usr/share/texlive/texmf-dist/tex/latex/oberdiek/epstopdf-base.sty
Package: epstopdf-base 2010/02/09 v2.5 Base part for package epstopdf

(/usr/share/texlive/texmf-dist/tex/latex/oberdiek/grfext.sty
Package: grfext 2010/08/19 v1.1 Manage graphics extensions (HO)
)
Package grfext Info: Graphics extension search list:
(grfext)             [.png,.pdf,.jpg,.mps,.jpeg,.jbig2,.jb2,.PNG,.PDF,.JPG,.JPE
G,.JBIG2,.JB2,.eps]
(grfext)             \AppendGraphicsExtensions on input line 452.

(/usr/share/texlive/texmf-dist/tex/latex/latexconfig/epstopdf-sys.cfg
File: epstopdf-sys.cfg 2010/07/13 v1.3 Configuration of (r)epstopdf for TeX Liv
e
))
\AtBeginShipoutBox=\box29

(/usr/share/texlive/texmf-dist/tex/latex/graphics/color.sty
Package: color 2005/11/14 v1.0j Standard LaTeX Color (DPC)

(/usr/share/texlive/texmf-dist/tex/latex/latexconfig/color.cfg
File: color.cfg 2007/01/18 v1.5 color configuration of teTeX/TeXLive
)
Package color Info: Driver file: pdftex.def on input line 130.
)
Package hyperref Info: Link coloring ON on input line 120.

(/usr/share/texlive/texmf-dist/tex/latex/hyperref/nameref.sty
Package: nameref 2012/10/27 v2.43 Cross-referencing by name of section

(/usr/share/texlive/texmf-dist/tex/generic/oberdiek/gettitlestring.sty
Package: gettitlestring 2010/12/03 v1.4 Cleanup title references (HO)
)
\c@section@level=\count120
)
LaTeX Info: Redefining \ref on input line 120.
LaTeX Info: Redefining \pageref on input line 120.
LaTeX Info: Redefining \nameref on input line 120.

(./template.out) (./template.out)
\@outlinefile=\write3
\openout3 = `template.out'.

LaTeX Font Info:    Try loading font information for OT1+phv on input line 129.


(/usr/share/texlive/texmf-dist/tex/latex/psnfss/ot1phv.fd
File: ot1phv.fd 2001/06/04 scalable font definitions for OT1/phv.
)
LaTeX Font Info:    Try loading font information for OT1+ztmcm on input line 12
9.

(/usr/share/texlive/texmf-dist/tex/latex/psnfss/ot1ztmcm.fd
File: ot1ztmcm.fd 2000/01/03 Fontinst v1.801 font definitions for OT1/ztmcm.
)
LaTeX Font Info:    Try loading font information for OML+ztmcm on input line 12
9.

(/usr/share/texlive/texmf-dist/tex/latex/psnfss/omlztmcm.fd
File: omlztmcm.fd 2000/01/03 Fontinst v1.801 font definitions for OML/ztmcm.
)
LaTeX Font Info:    Try loading font information for OMS+ztmcm on input line 12
9.

(/usr/share/texlive/texmf-dist/tex/latex/psnfss/omsztmcm.fd
File: omsztmcm.fd 2000/01/03 Fontinst v1.801 font definitions for OMS/ztmcm.
)
LaTeX Font Info:    Try loading font information for OMX+ztmcm on input line 12
9.

(/usr/share/texlive/texmf-dist/tex/latex/psnfss/omxztmcm.fd
File: omxztmcm.fd 2000/01/03 Fontinst v1.801 font definitions for OMX/ztmcm.
)
LaTeX Font Info:    Font shape `OT1/ptm/bx/n' in size <10> not available
(Font)              Font shape `OT1/ptm/b/n' tried instead on input line 129.
LaTeX Font Info:    Font shape `OT1/ptm/bx/n' in size <7.4> not available
(Font)              Font shape `OT1/ptm/b/n' tried instead on input line 129.
LaTeX Font Info:    Font shape `OT1/ptm/bx/n' in size <6> not available
(Font)              Font shape `OT1/ptm/b/n' tried instead on input line 129.
Package epstopdf Info: Source file: <spoiler.eps>
(epstopdf)                    date: 2009-03-11 21:02:38
(epstopdf)                    size: 3789497 bytes
(epstopdf)             Output file: <spoiler-eps-converted-to.pdf>
(epstopdf)                    date: 2015-03-25 18:19:23
(epstopdf)                    size: 137025 bytes
(epstopdf)             Command: <repstopdf --outfile=spoiler-eps-converted-to.p
df spoiler.eps>
(epstopdf)             \includegraphics on input line 129.
Package epstopdf Info: Output file is already uptodate.

<spoiler-eps-converted-to.pdf, id=116, 452.69125pt x 179.67125pt>
File: spoiler-eps-converted-to.pdf Graphic file (type pdf)

<use spoiler-eps-converted-to.pdf>
Package pdftex.def Info: spoiler-eps-converted-to.pdf used on input line 129.
(pdftex.def)             Requested size: 455.24408pt x 180.68517pt.

Overfull \hbox (47.69846pt too wide) in paragraph at lines 129--129
 [] []  
 []

LaTeX Font Info:    Font shape `OT1/phv/bx/n' in size <8> not available
(Font)              Font shape `OT1/phv/b/n' tried instead on input line 129.
Package epstopdf Info: Source file: <diamondrule.eps>
(epstopdf)                    date: 2008-06-20 14:26:56
(epstopdf)                    size: 1628 bytes
(epstopdf)             Output file: <diamondrule-eps-converted-to.pdf>
(epstopdf)                    date: 2015-03-25 18:19:23
(epstopdf)                    size: 2572 bytes
(epstopdf)             Command: <repstopdf --outfile=diamondrule-eps-converted-
to.pdf diamondrule.eps>
(epstopdf)             \includegraphics on input line 129.
Package epstopdf Info: Output file is already uptodate.
<diamondrule-eps-converted-to.pdf, id=117, 213.79875pt x 12.045pt>
File: diamondrule-eps-converted-to.pdf Graphic file (type pdf)

<use diamondrule-eps-converted-to.pdf>
Package pdftex.def Info: diamondrule-eps-converted-to.pdf used on input line 12
9.
(pdftex.def)             Requested size: 213.79822pt x 12.04495pt.
LaTeX Font Info:    Font shape `OT1/phv/bx/n' in size <9> not available
(Font)              Font shape `OT1/phv/b/n' tried instead on input line 129.
LaTeX Font Info:    Font shape `OT1/phv/bx/sc' in size <9> not available
(Font)              Font shape `OT1/phv/b/sc' tried instead on input line 129.
LaTeX Font Info:    Font shape `OT1/ptm/bx/n' in size <8> not available
(Font)              Font shape `OT1/ptm/b/n' tried instead on input line 129.
LaTeX Font Info:    Font shape `OT1/ptm/bx/n' in size <5> not available
(Font)              Font shape `OT1/ptm/b/n' tried instead on input line 129.
LaTeX Font Info:    Try loading font information for OMS+ptm on input line 133.


(/usr/share/texlive/texmf-dist/tex/latex/psnfss/omsptm.fd
File: omsptm.fd 
)
LaTeX Font Info:    Font shape `OMS/ptm/m/n' in size <9> not available
(Font)              Font shape `OMS/cmsy/m/n' tried instead on input line 133.
 [1{/var/lib/texmf/fonts/map/pdftex/updmap/pdftex.map}


 <./spoiler-eps-converted-to.pdf> <./diamondrule-eps-converted-to.pdf>]
Missing character: There is no ‚ in font ptmr7t!
Missing character: There is no Ä in font ptmr7t!
Missing character: There is no ú in font ptmr7t!
Missing character: There is no ‚ in font ptmr7t!
Missing character: There is no Ä in font ptmr7t!
Missing character: There is no ù in font ptmr7t!
Missing character: There is no ‚ in font ptmr7t!
Missing character: There is no Ä in font ptmr7t!
Missing character: There is no ú in font ptmr7t!
Missing character: There is no ‚ in font ptmr7t!
Missing character: There is no Ä in font ptmr7t!
Missing character: There is no ù in font ptmr7t!
Missing character: There is no ‚ in font ptmr7t!
Missing character: There is no Ä in font ptmr7t!
Missing character: There is no ú in font ptmr7t!
Missing character: There is no ‚ in font ptmr7t!
Missing character: There is no Ä in font ptmr7t!
Missing character: There is no ù in font ptmr7t!
 [2]
Package epstopdf Info: Source file: <steps.eps>
(epstopdf)                    date: 2015-03-25 18:12:14
(epstopdf)                    size: 160766 bytes
(epstopdf)             Output file: <steps-eps-converted-to.pdf>
(epstopdf)                    date: 2015-03-25 18:19:24
(epstopdf)                    size: 118902 bytes
(epstopdf)             Command: <repstopdf --outfile=steps-eps-converted-to.pdf
 steps.eps>
(epstopdf)             \includegraphics on input line 200.
Package epstopdf Info: Output file is already uptodate.

<steps-eps-converted-to.pdf, id=195, 2183.15625pt x 1314.9125pt>
File: steps-eps-converted-to.pdf Graphic file (type pdf)

<use steps-eps-converted-to.pdf>
Package pdftex.def Info: steps-eps-converted-to.pdf used on input line 200.
(pdftex.def)             Requested size: 218.32841pt x 131.49895pt.
Package epstopdf Info: Source file: <mapBefore.eps>
(epstopdf)                    date: 2015-03-25 18:11:12
(epstopdf)                    size: 102557 bytes
(epstopdf)             Output file: <mapBefore-eps-converted-to.pdf>
(epstopdf)                    date: 2015-03-25 18:19:24
(epstopdf)                    size: 80969 bytes
(epstopdf)             Command: <repstopdf --outfile=mapBefore-eps-converted-to
.pdf mapBefore.eps>
(epstopdf)             \includegraphics on input line 218.
Package epstopdf Info: Output file is already uptodate.

<mapBefore-eps-converted-to.pdf, id=197, 665.48625pt x 464.73625pt>
File: mapBefore-eps-converted-to.pdf Graphic file (type pdf)

<use mapBefore-eps-converted-to.pdf>
Package pdftex.def Info: mapBefore-eps-converted-to.pdf used on input line 218.

(pdftex.def)             Requested size: 113.13116pt x 79.0041pt.

Underfull \hbox (badness 10000) in paragraph at lines 218--218
[]\OT1/ptm/m/n/8 (a) Map show-ing sur-round-ing
 []

Package epstopdf Info: Source file: <mapAfter.eps>
(epstopdf)                    date: 2015-03-25 18:11:25
(epstopdf)                    size: 29103 bytes
(epstopdf)             Output file: <mapAfter-eps-converted-to.pdf>
(epstopdf)                    date: 2015-03-25 18:19:24
(epstopdf)                    size: 29411 bytes
(epstopdf)             Command: <repstopdf --outfile=mapAfter-eps-converted-to.
pdf mapAfter.eps>
(epstopdf)             \includegraphics on input line 219.
Package epstopdf Info: Output file is already uptodate.
<mapAfter-eps-converted-to.pdf, id=198, 868.24374pt x 558.085pt>
File: mapAfter-eps-converted-to.pdf Graphic file (type pdf)

<use mapAfter-eps-converted-to.pdf>
Package pdftex.def Info: mapAfter-eps-converted-to.pdf used on input line 219.
(pdftex.def)             Requested size: 121.55328pt x 78.13136pt.
 [3 <./steps-eps-converted-to.pdf> <./mapBefore-eps-converted-to.pdf> <./mapAft
er-eps-converted-to.pdf>]
LaTeX Font Info:    Font shape `OT1/ptm/bx/n' in size <9> not available
(Font)              Font shape `OT1/ptm/b/n' tried instead on input line 256.
LaTeX Font Info:    Font shape `OT1/ptm/bx/n' in size <7> not available
(Font)              Font shape `OT1/ptm/b/n' tried instead on input line 256.

Underfull \hbox (badness 10000) in paragraph at lines 261--262

 []

Package epstopdf Info: Source file: <blurBefore.eps>
(epstopdf)                    date: 2015-03-25 18:10:57
(epstopdf)                    size: 277198 bytes
(epstopdf)             Output file: <blurBefore-eps-converted-to.pdf>
(epstopdf)                    date: 2015-03-25 18:19:25
(epstopdf)                    size: 143957 bytes
(epstopdf)             Command: <repstopdf --outfile=blurBefore-eps-converted-t
o.pdf blurBefore.eps>
(epstopdf)             \includegraphics on input line 268.
Package epstopdf Info: Output file is already uptodate.
<blurBefore-eps-converted-to.pdf, id=218, 1311.90125pt x 648.4225pt>
File: blurBefore-eps-converted-to.pdf Graphic file (type pdf)

<use blurBefore-eps-converted-to.pdf>
Package pdftex.def Info: blurBefore-eps-converted-to.pdf used on input line 268
.
(pdftex.def)             Requested size: 118.06601pt x 58.3555pt.
Package epstopdf Info: Source file: <blurAfter.eps>
(epstopdf)                    date: 2015-03-25 18:10:44
(epstopdf)                    size: 365971 bytes
(epstopdf)             Output file: <blurAfter-eps-converted-to.pdf>
(epstopdf)                    date: 2015-03-25 18:19:25
(epstopdf)                    size: 144443 bytes
(epstopdf)             Command: <repstopdf --outfile=blurAfter-eps-converted-to
.pdf blurAfter.eps>
(epstopdf)             \includegraphics on input line 269.
Package epstopdf Info: Output file is already uptodate.

<blurAfter-eps-converted-to.pdf, id=219, 1280.785pt x 675.52374pt>
File: blurAfter-eps-converted-to.pdf Graphic file (type pdf)

<use blurAfter-eps-converted-to.pdf>
Package pdftex.def Info: blurAfter-eps-converted-to.pdf used on input line 269.

(pdftex.def)             Requested size: 115.26567pt x 60.79451pt.
Package epstopdf Info: Source file: <blurAfter.eps>
(epstopdf)                    date: 2015-03-25 18:10:44
(epstopdf)                    size: 365971 bytes
(epstopdf)             Output file: <blurAfter-eps-converted-to.pdf>
(epstopdf)                    date: 2015-03-25 18:19:25
(epstopdf)                    size: 144443 bytes
(epstopdf)             Command: <repstopdf --outfile=blurAfter-eps-converted-to
.pdf blurAfter.eps>
(epstopdf)             \includegraphics on input line 270.
Package epstopdf Info: Output file is already uptodate.
File: blurAfter-eps-converted-to.pdf Graphic file (type pdf)
 <use blurAfter-eps-converted-to.pdf>
Package pdftex.def Info: blurAfter-eps-converted-to.pdf used on input line 270.

(pdftex.def)             Requested size: 115.26567pt x 60.79451pt.

Underfull \hbox (badness 10000) in paragraph at lines 293--294

 []

[4 <./blurBefore-eps-converted-to.pdf> <./blurAfter-eps-converted-to.pdf>]
Package epstopdf Info: Source file: <blurBefore.eps>
(epstopdf)                    date: 2015-03-25 18:10:57
(epstopdf)                    size: 277198 bytes
(epstopdf)             Output file: <blurBefore-eps-converted-to.pdf>
(epstopdf)                    date: 2015-03-25 18:19:25
(epstopdf)                    size: 143957 bytes
(epstopdf)             Command: <repstopdf --outfile=blurBefore-eps-converted-t
o.pdf blurBefore.eps>
(epstopdf)             \includegraphics on input line 320.
Package epstopdf Info: Output file is already uptodate.
File: blurBefore-eps-converted-to.pdf Graphic file (type pdf)

<use blurBefore-eps-converted-to.pdf>
Package pdftex.def Info: blurBefore-eps-converted-to.pdf used on input line 320
.
(pdftex.def)             Requested size: 118.06601pt x 58.3555pt.
Package epstopdf Info: Source file: <blurAfter.eps>
(epstopdf)                    date: 2015-03-25 18:10:44
(epstopdf)                    size: 365971 bytes
(epstopdf)             Output file: <blurAfter-eps-converted-to.pdf>
(epstopdf)                    date: 2015-03-25 18:19:25
(epstopdf)                    size: 144443 bytes
(epstopdf)             Command: <repstopdf --outfile=blurAfter-eps-converted-to
.pdf blurAfter.eps>
(epstopdf)             \includegraphics on input line 321.
Package epstopdf Info: Output file is already uptodate.
File: blurAfter-eps-converted-to.pdf Graphic file (type pdf)
 <use blurAfter-eps-converted-to.pdf>
Package pdftex.def Info: blurAfter-eps-converted-to.pdf used on input line 321.

(pdftex.def)             Requested size: 115.26567pt x 60.79451pt.
Package epstopdf Info: Source file: <sample.eps>
(epstopdf)                    date: 2008-06-20 14:26:56
(epstopdf)                    size: 182078 bytes
(epstopdf)             Output file: <sample-eps-converted-to.pdf>
(epstopdf)                    date: 2015-03-25 18:20:21
(epstopdf)                    size: 2798 bytes
(epstopdf)             Command: <repstopdf --outfile=sample-eps-converted-to.pd
f sample.eps>
(epstopdf)             \includegraphics on input line 338.
Package epstopdf Info: Output file is already uptodate.

<sample-eps-converted-to.pdf, id=253, 102.3825pt x 102.3825pt>
File: sample-eps-converted-to.pdf Graphic file (type pdf)

<use sample-eps-converted-to.pdf>
Package pdftex.def Info: sample-eps-converted-to.pdf used on input line 338.
(pdftex.def)             Requested size: 153.57336pt x 153.57336pt.
Package epstopdf Info: Source file: <sample.eps>
(epstopdf)                    date: 2008-06-20 14:26:56
(epstopdf)                    size: 182078 bytes
(epstopdf)             Output file: <sample-eps-converted-to.pdf>
(epstopdf)                    date: 2015-03-25 18:20:21
(epstopdf)                    size: 2798 bytes
(epstopdf)             Command: <repstopdf --outfile=sample-eps-converted-to.pd
f sample.eps>
(epstopdf)             \includegraphics on input line 339.
Package epstopdf Info: Output file is already uptodate.
File: sample-eps-converted-to.pdf Graphic file (type pdf)
 <use sample-eps-converted-to.pdf>
Package pdftex.def Info: sample-eps-converted-to.pdf used on input line 339.
(pdftex.def)             Requested size: 153.57336pt x 153.57336pt.
Package epstopdf Info: Source file: <sample.eps>
(epstopdf)                    date: 2008-06-20 14:26:56
(epstopdf)                    size: 182078 bytes
(epstopdf)             Output file: <sample-eps-converted-to.pdf>
(epstopdf)                    date: 2015-03-25 18:20:21
(epstopdf)                    size: 2798 bytes
(epstopdf)             Command: <repstopdf --outfile=sample-eps-converted-to.pd
f sample.eps>
(epstopdf)             \includegraphics on input line 340.
Package epstopdf Info: Output file is already uptodate.
File: sample-eps-converted-to.pdf Graphic file (type pdf)

<use sample-eps-converted-to.pdf>
Package pdftex.def Info: sample-eps-converted-to.pdf used on input line 340.
(pdftex.def)             Requested size: 153.57336pt x 153.57336pt.
Package epstopdf Info: Source file: <chart1.eps>
(epstopdf)                    date: 2015-03-25 18:11:50
(epstopdf)                    size: 44310 bytes
(epstopdf)             Output file: <chart1-eps-converted-to.pdf>
(epstopdf)                    date: 2015-03-25 18:20:21
(epstopdf)                    size: 27676 bytes
(epstopdf)             Command: <repstopdf --outfile=chart1-eps-converted-to.pd
f chart1.eps>
(epstopdf)             \includegraphics on input line 353.
Package epstopdf Info: Output file is already uptodate.

<chart1-eps-converted-to.pdf, id=254, 607.26875pt x 341.275pt>
File: chart1-eps-converted-to.pdf Graphic file (type pdf)

<use chart1-eps-converted-to.pdf>
Package pdftex.def Info: chart1-eps-converted-to.pdf used on input line 353.
(pdftex.def)             Requested size: 151.81682pt x 85.31853pt.
Package epstopdf Info: Source file: <chart2.eps>
(epstopdf)                    date: 2015-03-25 18:11:55
(epstopdf)                    size: 41066 bytes
(epstopdf)             Output file: <chart2-eps-converted-to.pdf>
(epstopdf)                    date: 2015-03-25 18:20:21
(epstopdf)                    size: 20963 bytes
(epstopdf)             Command: <repstopdf --outfile=chart2-eps-converted-to.pd
f chart2.eps>
(epstopdf)             \includegraphics on input line 354.
Package epstopdf Info: Output file is already uptodate.

<chart2-eps-converted-to.pdf, id=255, 607.26875pt x 341.275pt>
File: chart2-eps-converted-to.pdf Graphic file (type pdf)

<use chart2-eps-converted-to.pdf>
Package pdftex.def Info: chart2-eps-converted-to.pdf used on input line 354.
(pdftex.def)             Requested size: 151.81682pt x 85.31853pt.
Package epstopdf Info: Source file: <chart3.eps>
(epstopdf)                    date: 2015-03-25 18:12:01
(epstopdf)                    size: 43422 bytes
(epstopdf)             Output file: <chart3-eps-converted-to.pdf>
(epstopdf)                    date: 2015-03-25 18:20:21
(epstopdf)                    size: 22503 bytes
(epstopdf)             Command: <repstopdf --outfile=chart3-eps-converted-to.pd
f chart3.eps>
(epstopdf)             \includegraphics on input line 355.
Package epstopdf Info: Output file is already uptodate.

<chart3-eps-converted-to.pdf, id=256, 607.26875pt x 341.275pt>
File: chart3-eps-converted-to.pdf Graphic file (type pdf)

<use chart3-eps-converted-to.pdf>
Package pdftex.def Info: chart3-eps-converted-to.pdf used on input line 355.
(pdftex.def)             Requested size: 151.81682pt x 85.31853pt.
Package epstopdf Info: Source file: <steps.eps>
(epstopdf)                    date: 2015-03-25 18:12:14
(epstopdf)                    size: 160766 bytes
(epstopdf)             Output file: <steps-eps-converted-to.pdf>
(epstopdf)                    date: 2015-03-25 18:19:24
(epstopdf)                    size: 118902 bytes
(epstopdf)             Command: <repstopdf --outfile=steps-eps-converted-to.pdf
 steps.eps>
(epstopdf)             \includegraphics on input line 380.
Package epstopdf Info: Output file is already uptodate.
File: steps-eps-converted-to.pdf Graphic file (type pdf)
 <use steps-eps-converted-to.pdf>
Package pdftex.def Info: steps-eps-converted-to.pdf used on input line 380.
(pdftex.def)             Requested size: 218.32841pt x 131.49895pt.
 [5] [6 <./sample-eps-converted-to.pdf> <./chart1-eps-converted-to.pdf> <./char
t2-eps-converted-to.pdf> <./chart3-eps-converted-to.pdf>] [7] (./template.bbl)
Package atveryend Info: Empty hook `BeforeClearDocument' on input line 448.
 [8

]
Package atveryend Info: Empty hook `AfterLastShipout' on input line 448.

(./template.aux)
Package atveryend Info: Executing hook `AtVeryEndDocument' on input line 448.
Package atveryend Info: Executing hook `AtEndAfterFileList' on input line 448.
Package rerunfilecheck Info: File `template.out' has not changed.
(rerunfilecheck)             Checksum: 5B43EF44EED3B56A92C01A693A85DDB5;1711.
Package atveryend Info: Empty hook `AtVeryVeryEnd' on input line 448.
 ) 
Here is how much of TeX's memory you used:
 6406 strings out of 493304
 93718 string characters out of 6139871
 190160 words of memory out of 5000000
 9658 multiletter control sequences out of 15000+600000
 46679 words of font info for 92 fonts, out of 8000000 for 9000
 957 hyphenation exceptions out of 8191
 29i,9n,29p,1299b,381s stack positions out of 5000i,500n,10000p,200000b,80000s
{/usr/share/texlive/texmf-dist/fonts/enc/dvips/base/8r.enc}</usr/share/texliv
e/texmf-dist/fonts/type1/public/amsfonts/cm/cmmi10.pfb></usr/share/texlive/texm
f-dist/fonts/type1/public/amsfonts/cm/cmr10.pfb></usr/share/texlive/texmf-dist/
fonts/type1/public/amsfonts/cm/cmsy10.pfb></usr/share/texlive/texmf-dist/fonts/
type1/public/amsfonts/cm/cmsy9.pfb></usr/share/texlive/texmf-dist/fonts/type1/u
rw/helvetic/uhvb8a.pfb></usr/share/texlive/texmf-dist/fonts/type1/urw/helvetic/
uhvr8a.pfb></usr/share/texlive/texmf-dist/fonts/type1/urw/symbol/usyr.pfb></usr
/share/texlive/texmf-dist/fonts/type1/urw/times/utmr8a.pfb></usr/share/texlive/
texmf-dist/fonts/type1/urw/times/utmri8a.pfb>
Output written on template.pdf (8 pages, 842805 bytes).
PDF statistics:
 365 PDF objects out of 1000 (max. 8388607)
 322 compressed objects within 4 object streams
 89 named destinations out of 1000 (max. 500000)
 280 words of extra memory for PDF output out of 10000 (max. 10000000)

