This is pdfTeX, Version 3.1415926-2.5-1.40.14 (TeX Live 2013/Debian) (format=pdflatex 2015.3.13)  2 APR 2015 00:22
entering extended mode
 restricted \write18 enabled.
 %&-line parsing enabled.
**tweether.tex
(./tweether.tex
LaTeX2e <2011/06/27>
Babel <3.9h> and hyphenation patterns for 78 languages loaded.
(./nuthesis.cls
Document Class: nuthesis 2013/05/23 v0.7.1 University of Nebraska Thesis class
(/usr/share/texlive/texmf-dist/tex/latex/base/ifthen.sty
Package: ifthen 2001/05/26 v1.1c Standard LaTeX ifthen package (DPC)
)
(/usr/share/texlive/texmf-dist/tex/latex/graphics/keyval.sty
Package: keyval 1999/03/16 v1.13 key=value parser (DPC)
\KV@toks@=\toks14
)
(/usr/share/texlive/texmf-dist/tex/latex/setspace/setspace.sty
Package: setspace 2011/12/19 v6.7a set line spacing
)
(/usr/share/texlive/texmf-dist/tex/latex/koma-script/scrtime.sty
Package: scrtime 2011/03/31 v3.08b KOMA-Script package (time of LaTeX run)

(/usr/share/texlive/texmf-dist/tex/latex/koma-script/scrkbase.sty
Package: scrkbase 2013/12/19 v3.12 KOMA-Script package (KOMA-Script-dependent b
asics and keyval usage)

(/usr/share/texlive/texmf-dist/tex/latex/koma-script/scrbase.sty
Package: scrbase 2013/12/19 v3.12 KOMA-Script package (KOMA-Script-independent 
basics and keyval usage)

(/usr/share/texlive/texmf-dist/tex/latex/koma-script/scrlfile.sty
Package: scrlfile 2013/12/19 v3.12 KOMA-Script package (loading files)

Package scrlfile, 2013/12/19 v3.12 KOMA-Script package (loading files)
                  Copyright (C) Markus Kohm

)))) (/usr/share/texlive/texmf-dist/tex/latex/memoir/memoir.cls
Document Class: memoir 2013/05/30 v3.7b configurable book, report, article docu
ment class
\onelineskip=\skip41
\lxvchars=\skip42
\xlvchars=\skip43
\@memcnta=\count79
\c@@memmarkcntra=\count80
(/usr/share/texlive/texmf-dist/tex/generic/oberdiek/ifpdf.sty
Package: ifpdf 2011/01/30 v2.3 Provides the ifpdf switch (HO)
Package ifpdf Info: pdfTeX in PDF mode is detected.
)
(/usr/share/texlive/texmf-dist/tex/latex/ifetex/ifetex.sty
Package: ifetex 2011/12/15 v1.2 ifetex

(/usr/share/texlive/texmf-dist/tex/plain/ifetex/ifetex.tex))
(/usr/share/texlive/texmf-dist/tex/generic/ifxetex/ifxetex.sty
Package: ifxetex 2010/09/12 v0.6 Provides ifxetex conditional
)
(/usr/share/texlive/texmf-dist/tex/generic/oberdiek/ifluatex.sty
Package: ifluatex 2010/03/01 v1.3 Provides the ifluatex switch (HO)
Package ifluatex Info: LuaTeX not detected.
)
\stockheight=\skip44
\stockwidth=\skip45
\trimtop=\skip46
\trimedge=\skip47

(/usr/share/texlive/texmf-dist/tex/latex/etex-pkg/etex.sty
Package: etex 1998/03/26 v2.0 eTeX basic definition package (PEB)
\et@xins=\count81
)
(/usr/share/texlive/texmf-dist/tex/latex/memoir/mem12.clo
File: mem12.clo 2010/10/19 v0.4b memoir class 12pt size option
)
\binding=\skip48
\spinemargin=\skip49
\foremargin=\skip50
\uppermargin=\skip51
\lowermargin=\skip52
\headdrop=\skip53
\normalrulethickness=\skip54
\mem@maxheadheight=\skip55
\mem@maxfootheight=\skip56
\headwidth=\skip57
\c@storedpagenumber=\count82
\memPD=\dimen102
\m@mabparskip=\skip58
\thanksmarkwidth=\skip59
\thanksmarksep=\skip60
\droptitle=\skip61
\c@book=\count83
\c@part=\count84
\c@chapter=\count85
\c@section=\count86
\c@subsection=\count87
\c@subsubsection=\count88
\c@paragraph=\count89
\c@subparagraph=\count90
\beforechapskip=\skip62
\midchapskip=\skip63
\afterchapskip=\skip64
\chapindent=\skip65
\bottomsectionskip=\skip66
\secindent=\skip67
\beforesecskip=\skip68
\aftersecskip=\skip69
\subsecindent=\skip70
\beforesubsecskip=\skip71
\aftersubsecskip=\skip72
\subsubsecindent=\skip73
\beforesubsubsecskip=\skip74
\aftersubsubsecskip=\skip75
\paraindent=\skip76
\beforeparaskip=\skip77
\afterparaskip=\skip78
\subparaindent=\skip79
\beforesubparaskip=\skip80
\aftersubparaskip=\skip81
\pfbreakskip=\skip82
\c@@ppsavesec=\count91
\c@@ppsaveapp=\count92
\ragrparindent=\dimen103
\everylistparindent=\dimen104
\parsepi=\skip83
\topsepi=\skip84
\itemsepi=\skip85
\parsepii=\skip86
\topsepii=\skip87
\topsepiii=\skip88
\itemsepii=\skip89
\itemsepiii=\skip90
\partopsepii=\skip91
\partopsepiii=\skip92
\m@msavetopsep=\skip93
\m@msavepartopsep=\skip94
\@enLab=\toks15
\abstitleskip=\skip95
\absleftindent=\skip96
\abs@leftindent=\dimen105
\absrightindent=\skip97
\absparindent=\skip98
\absparsep=\skip99
\c@vslineno=\count93
\c@poemline=\count94
\c@modulo@vs=\count95
\c@memfvsline=\count96
\vleftskip=\skip100
\vrightskip=\skip101
\stanzaskip=\skip102
\versewidth=\skip103
\vgap=\skip104
\vindent=\skip105
\vleftmargin=\dimen106
\c@verse=\count97
\c@chrsinstr=\count98
\beforepoemtitleskip=\skip106
\afterpoemtitleskip=\skip107
\c@poem=\count99
\beforePoemTitleskip=\skip108
\midPoemTitleskip=\skip109
\afterPoemTitleskip=\skip110
\col@sep=\dimen107
\extrarowheight=\dimen108
\NC@list=\toks16
\extratabsurround=\skip111
\backup@length=\skip112
\TX@col@width=\dimen109
\TX@old@table=\dimen110
\TX@old@col=\dimen111
\TX@target=\dimen112
\TX@delta=\dimen113
\TX@cols=\count100
\TX@ftn=\toks17
\heavyrulewidth=\dimen114
\lightrulewidth=\dimen115
\cmidrulewidth=\dimen116
\belowrulesep=\dimen117
\belowbottomsep=\dimen118
\aboverulesep=\dimen119
\abovetopsep=\dimen120
\cmidrulesep=\dimen121
\cmidrulekern=\dimen122
\defaultaddspace=\dimen123
\@cmidla=\count101
\@cmidlb=\count102
\@aboverulesep=\dimen124
\@belowrulesep=\dimen125
\@thisruleclass=\count103
\@lastruleclass=\count104
\@thisrulewidth=\dimen126
\ctableftskip=\skip113
\ctabrightskip=\skip114
\abovecolumnspenalty=\count105
\@linestogo=\count106
\@cellstogo=\count107
\@cellsincolumn=\count108
\crtok=\toks18
\@mincolumnwidth=\dimen127
\c@newflo@tctr=\count109
\mem@margin@floatbox=\box26
\@contcwidth=\skip115
\@contindw=\skip116
\abovecaptionskip=\skip117
\belowcaptionskip=\skip118
\subfloattopskip=\skip119
\subfloatcapskip=\skip120
\subfloatcaptopadj=\skip121
\subfloatbottomskip=\skip122
\subfloatlabelskip=\skip123
\subfloatcapmargin=\dimen128
\c@@contsubnum=\count110
\m@mscap@capbox=\box27
\m@mscap@fbox=\box28
\sidecapsep=\dimen129
\sidecapwidth=\dimen130
\m@m@tempdima=\dimen131
\m@mscapraise=\dimen132
\sidecapraise=\dimen133
\m@mscapmainwidth=\dimen134
\m@mscaplkern=\dimen135
\beforeepigraphskip=\skip124
\afterepigraphskip=\skip125
\epigraphwidth=\skip126
\epigraphrule=\skip127
LaTeX Info: Redefining \em on input line 7492.
LaTeX Info: Redefining \emph on input line 7500.
\tocentryskip=\skip128
\tocbaseline=\skip129
\cftparskip=\skip130
\cftbeforebookskip=\skip131
\cftbookindent=\dimen136
\cftbooknumwidth=\dimen137
\cftbeforepartskip=\skip132
\cftpartindent=\skip133
\cftpartnumwidth=\skip134
\cftbeforechapterskip=\skip135
\cftchapterindent=\skip136
\cftchapternumwidth=\skip137
\cftbeforesectionskip=\skip138
\cftsectionindent=\skip139
\cftsectionnumwidth=\skip140
\cftbeforesubsectionskip=\skip141
\cftsubsectionindent=\skip142
\cftsubsectionnumwidth=\skip143
\cftbeforesubsubsectionskip=\skip144
\cftsubsubsectionindent=\skip145
\cftsubsubsectionnumwidth=\skip146
\cftbeforeparagraphskip=\skip147
\cftparagraphindent=\skip148
\cftparagraphnumwidth=\skip149
\cftbeforesubparagraphskip=\skip150
\cftsubparagraphindent=\skip151
\cftsubparagraphnumwidth=\skip152
\prechapterprecisshift=\dimen138
\c@maxsecnumdepth=\count111
\bibindent=\dimen139
\bibitemsep=\skip153
\indexcolsep=\skip154
\indexrule=\skip155
\indexmarkstyle=\toks19
\@indexbox=\insert233
\glossarycolsep=\dimen140
\glossaryrule=\dimen141
\sideparvshift=\skip156
\sideins=\insert232
\sidebartopsep=\skip157
\sidebarhsep=\skip158
\sidebarvsep=\skip159
\sidebarwidth=\skip160
\footmarkwidth=\skip161
\footmarksep=\skip162
\footparindent=\skip163
\footinsdim=\skip164
\footinsv@r=\insert231
\@mpfootinsv@r=\insert230
\m@m@k=\count112
\m@m@h=\dimen142
\m@mipn@skip=\skip165
\sidefootins=\insert229
\sidefootadjust=\skip166
\sidefootheight=\skip167
\sidefoothsep=\skip168
\sidefootvsep=\skip169
\sidefootwidth=\skip170
\m@mdownsf=\skip171
\c@sidefootnote=\count113
\sidefootmarkwidth=\skip172
\sidefootmarksep=\skip173
\sidefootparindent=\skip174
\c@pagenote=\count114
\c@pagenoteshadow=\count115
\mem@pn@lastkern=\skip175
\every@verbatim=\toks20
\afterevery@verbatim=\toks21
\verbatim@line=\toks22
\tab@position=\count116
\verbatim@in@stream=\read1
\verbatimindent=\skip176
\verbatim@out=\write3
\bvboxsep=\skip177
\c@memfbvline=\count117
\c@bvlinectr=\count118
\bvnumlength=\skip178
\fb@frw=\dimen143
\fb@frh=\dimen144
\FrameRule=\dimen145
\FrameSep=\dimen146
\c@cp@cntr=\count119
LaTeX Info: Redefining \: on input line 11958.
LaTeX Info: Redefining \! on input line 11960.
\c@ism@mctr=\count120
\c@xsm@mctr=\count121
\c@csm@mctr=\count122
\c@ksm@mctr=\count123
\c@xksm@mctr=\count124
\c@cksm@mctr=\count125
\c@msm@mctr=\count126
\c@xmsm@mctr=\count127
\c@cmsm@mctr=\count128
\c@bsm@mctr=\count129
\c@workm@mctr=\count130
\c@sheetsequence=\count131
\c@lastsheet=\count132
\c@lastpage=\count133
\c@figure=\count134
\c@lofdepth=\count135
\cftbeforefigureskip=\skip179
\cftfigureindent=\skip180
\cftfigurenumwidth=\skip181
\c@table=\count136
\c@lotdepth=\count137
\cftbeforetableskip=\skip182
\cfttableindent=\skip183
\cfttablenumwidth=\skip184
Package abstract [2008/07/23] emulated by memoir.
Package appendix [2008/07/23] emulated by memoir.
Package array [2008/09/09] emulated by memoir.
Package booktabs [2008/07/23] emulated by memoir.
Package ccaption [2008/07/23] emulated by memoir.
Package changepage [2008/07/23] emulated by memoir.
Package chngcntr [2008/07/23] emulated by memoir.
Package chngpage [2008/07/23] emulated by memoir.
Package crop emulated by memoir.
Package dcolumn [2008/07/23] emulated by memoir.
Package delarray [2008/07/23] emulated by memoir.
Package enumerate [2008/07/23] emulated by memoir.
Package epigraph [2008/07/23] emulated by memoir.
Package ifmtarg [2008/07/23] emulated by memoir.
Package index [2008/07/23] emulated by memoir.
Package makeidx [2008/07/23] emulated by memoir.
Package moreverb [2008/07/23] emulated by memoir.
Package mparhack [2008/07/23] emulated by memoir.
Package needspace [2008/07/23] emulated by memoir.
Package newfile [2008/07/23] emulated by memoir.
Package nextpage [2008/07/23] emulated by memoir.
Package pagenote [2008/07/23] emulated by memoir.
Package parskip [2008/07/23] emulated by memoir.
Package patchcmd [2008/07/23] emulated by memoir.
Package setspace [2008/07/23] emulated by memoir.
Package shortvrb [2008/07/23] emulated by memoir.
Package showidx [2008/07/23] emulated by memoir.
Package tabularx [2008/07/23] emulated by memoir.
Package titleref [2008/07/23] emulated by memoir.
Package titling [2008/07/23] emulated by memoir.
Package tocbibind [2008/07/23] emulated by memoir.
Package tocloft [2008/07/23] emulated by memoir.
Package tocvsec2 [2008/07/23] emulated by memoir.
Package verbatim [2008/07/23] emulated by memoir.
Package verse [2008/07/23] emulated by memoir.

(/usr/share/texlive/texmf-dist/tex/latex/memoir/mempatch.sty
Package: mempatch 2009/07/24 v6.0f Patches for memoir class v1.6180339
))
(/usr/share/texlive/texmf-dist/tex/latex/geometry/geometry.sty
Package: geometry 2010/09/12 v5.6 Page Geometry

(/usr/share/texlive/texmf-dist/tex/generic/oberdiek/ifvtex.sty
Package: ifvtex 2010/03/01 v1.5 Detect VTeX and its facilities (HO)
Package ifvtex Info: VTeX not detected.
)
\Gm@cnth=\count138
\Gm@cntv=\count139
\c@Gm@tempcnt=\count140
\Gm@bindingoffset=\dimen147
\Gm@wd@mp=\dimen148
\Gm@odd@mp=\dimen149
\Gm@even@mp=\dimen150
\Gm@layoutwidth=\dimen151
\Gm@layoutheight=\dimen152
\Gm@layouthoffset=\dimen153
\Gm@layoutvoffset=\dimen154
\Gm@dimlist=\toks23
))
(/usr/share/texlive/texmf-dist/tex/latex/graphics/graphicx.sty
Package: graphicx 1999/02/16 v1.0f Enhanced LaTeX Graphics (DPC,SPQR)

(/usr/share/texlive/texmf-dist/tex/latex/graphics/graphics.sty
Package: graphics 2009/02/05 v1.0o Standard LaTeX Graphics (DPC,SPQR)

(/usr/share/texlive/texmf-dist/tex/latex/graphics/trig.sty
Package: trig 1999/03/16 v1.09 sin cos tan (DPC)
)
(/usr/share/texlive/texmf-dist/tex/latex/latexconfig/graphics.cfg
File: graphics.cfg 2010/04/23 v1.9 graphics configuration of TeX Live
)
Package graphics Info: Driver file: pdftex.def on input line 91.

(/usr/share/texlive/texmf-dist/tex/latex/pdftex-def/pdftex.def
File: pdftex.def 2011/05/27 v0.06d Graphics/color for pdfTeX

(/usr/share/texlive/texmf-dist/tex/generic/oberdiek/infwarerr.sty
Package: infwarerr 2010/04/08 v1.3 Providing info/warning/error messages (HO)
)
(/usr/share/texlive/texmf-dist/tex/generic/oberdiek/ltxcmds.sty
Package: ltxcmds 2011/11/09 v1.22 LaTeX kernel commands for general use (HO)
)
\Gread@gobject=\count141
))
\Gin@req@height=\dimen155
\Gin@req@width=\dimen156
)
(./tweether.aux)
\openout1 = `tweether.aux'.

LaTeX Font Info:    Checking defaults for OML/cmm/m/it on input line 20.
LaTeX Font Info:    ... okay on input line 20.
LaTeX Font Info:    Checking defaults for T1/cmr/m/n on input line 20.
LaTeX Font Info:    ... okay on input line 20.
LaTeX Font Info:    Checking defaults for OT1/cmr/m/n on input line 20.
LaTeX Font Info:    ... okay on input line 20.
LaTeX Font Info:    Checking defaults for OMS/cmsy/m/n on input line 20.
LaTeX Font Info:    ... okay on input line 20.
LaTeX Font Info:    Checking defaults for OMX/cmex/m/n on input line 20.
LaTeX Font Info:    ... okay on input line 20.
LaTeX Font Info:    Checking defaults for U/cmr/m/n on input line 20.
LaTeX Font Info:    ... okay on input line 20.

*geometry* driver: auto-detecting
*geometry* detected driver: pdftex
*geometry* verbose mode - [ preamble ] result:
* driver: pdftex
* paper: letterpaper
* layout: <same size as paper>
* layoutoffset:(h,v)=(0.0pt,0.0pt)
* bindingoffset: 36.135pt
* modes: includehead 
* h-part:(L,W,R)=(72.26999pt, 433.62003pt, 72.26999pt)
* v-part:(T,H,B)=(72.26999pt, 650.43001pt, 72.26999pt)
* \paperwidth=614.295pt
* \paperheight=794.96999pt
* \textwidth=433.62003pt
* \textheight=616.05621pt
* \oddsidemargin=36.135pt
* \evensidemargin=0.0pt
* \topmargin=0.0pt
* \headheight=14.5pt
* \headsep=19.8738pt
* \topskip=12.0pt
* \footskip=0.0pt
* \marginparwidth=50.0pt
* \marginparsep=7.0pt
* \columnsep=10.0pt
* \skip\footins=12.0pt plus 4.0pt minus 4.0pt
* \hoffset=0.0pt
* \voffset=0.0pt
* \mag=1000
* \@twocolumnfalse
* \@twosidefalse
* \@mparswitchfalse
* \@reversemarginfalse
* (1in=72.27pt=25.4mm, 1cm=28.453pt)

(/usr/share/texlive/texmf-dist/tex/context/base/supp-pdf.mkii
[Loading MPS to PDF converter (version 2006.09.02).]
\scratchcounter=\count142
\scratchdimen=\dimen157
\scratchbox=\box29
\nofMPsegments=\count143
\nofMParguments=\count144
\everyMPshowfont=\toks24
\MPscratchCnt=\count145
\MPscratchDim=\dimen158
\MPnumerator=\count146
\makeMPintoPDFobject=\count147
\everyMPtoPDFconversion=\toks25
) (/usr/share/texlive/texmf-dist/tex/generic/oberdiek/pdftexcmds.sty
Package: pdftexcmds 2011/11/29 v0.20 Utility functions of pdfTeX for LuaTeX (HO
)
Package pdftexcmds Info: LuaTeX not detected.
Package pdftexcmds Info: \pdf@primitive is available.
Package pdftexcmds Info: \pdf@ifprimitive is available.
Package pdftexcmds Info: \pdfdraftmode found.
)
(/usr/share/texlive/texmf-dist/tex/latex/oberdiek/epstopdf-base.sty
Package: epstopdf-base 2010/02/09 v2.5 Base part for package epstopdf

(/usr/share/texlive/texmf-dist/tex/latex/oberdiek/grfext.sty
Package: grfext 2010/08/19 v1.1 Manage graphics extensions (HO)

(/usr/share/texlive/texmf-dist/tex/generic/oberdiek/kvdefinekeys.sty
Package: kvdefinekeys 2011/04/07 v1.3 Define keys (HO)
))
(/usr/share/texlive/texmf-dist/tex/latex/oberdiek/kvoptions.sty
Package: kvoptions 2011/06/30 v3.11 Key value format for package options (HO)

(/usr/share/texlive/texmf-dist/tex/generic/oberdiek/kvsetkeys.sty
Package: kvsetkeys 2012/04/25 v1.16 Key value parser (HO)

(/usr/share/texlive/texmf-dist/tex/generic/oberdiek/etexcmds.sty
Package: etexcmds 2011/02/16 v1.5 Avoid name clashes with e-TeX commands (HO)
Package etexcmds Info: Could not find \expanded.
(etexcmds)             That can mean that you are not using pdfTeX 1.50 or
(etexcmds)             that some package has redefined \expanded.
(etexcmds)             In the latter case, load this package earlier.
)))
Package grfext Info: Graphics extension search list:
(grfext)             [.png,.pdf,.jpg,.mps,.jpeg,.jbig2,.jb2,.PNG,.PDF,.JPG,.JPE
G,.JBIG2,.JB2,.eps]
(grfext)             \AppendGraphicsExtensions on input line 452.

(/usr/share/texlive/texmf-dist/tex/latex/latexconfig/epstopdf-sys.cfg
File: epstopdf-sys.cfg 2010/07/13 v1.3 Configuration of (r)epstopdf for TeX Liv
e
))
[1


{/var/lib/texmf/fonts/map/pdftex/updmap/pdftex.map}] [2

] (./tweether.toc
LaTeX Font Info:    External font `cmex10' loaded for size
(Font)              <12> on input line 1.
LaTeX Font Info:    External font `cmex10' loaded for size
(Font)              <8> on input line 1.
LaTeX Font Info:    External font `cmex10' loaded for size
(Font)              <6> on input line 1.


Class memoir Warning: The material used in the footer is too large
(10.14995pt) for the given foot skip (0.0pt), it is recommended to
either increase the foot skip or redesign the fotoer
(in both cases you will find help in the memoir manual). on input line 19.

[3


]) [4] (./sections/s_introduction.tex [1

]
LaTeX Font Info:    Try loading font information for OMS+cmr on input line 10.

(/usr/share/texlive/texmf-dist/tex/latex/base/omscmr.fd
File: omscmr.fd 1999/05/25 v2.5h Standard LaTeX font definitions
)
LaTeX Font Info:    Font shape `OMS/cmr/m/n' in size <12> not available
(Font)              Font shape `OMS/cmsy/m/n' tried instead on input line 10.
 [2


])
(./sections/s_related.tex [3] [4

] [5] [6] [7]) (./sections/s_approach.tex
[8] <./images/PNG/steps.png, id=44, 1188.69093pt x 753.5653pt>
File: ./images/PNG/steps.png Graphic file (type png)

<use ./images/PNG/steps.png>
Package pdftex.def Info: ./images/PNG/steps.png used on input line 10.
(pdftex.def)             Requested size: 325.21501pt x 206.16748pt.
 [9

] [10 <./images/PNG/steps.png>] [11]
<./images/PNG/clustering_raw.png, id=57, 254.8722pt x 146.4672pt>
File: ./images/PNG/clustering_raw.png Graphic file (type png)

<use ./images/PNG/clustering_raw.png>
Package pdftex.def Info: ./images/PNG/clustering_raw.png used on input line 65.

(pdftex.def)             Requested size: 212.47618pt x 122.10858pt.

<./images/PNG/clustering_org.png, id=58, 254.8722pt x 146.4672pt>
File: ./images/PNG/clustering_org.png Graphic file (type png)

<use ./images/PNG/clustering_org.png>
Package pdftex.def Info: ./images/PNG/clustering_org.png used on input line 66.

(pdftex.def)             Requested size: 212.47618pt x 122.10858pt.

<./images/PNG/clustering_smooth.png, id=59, 254.8722pt x 146.4672pt>
File: ./images/PNG/clustering_smooth.png Graphic file (type png)

<use ./images/PNG/clustering_smooth.png>
Package pdftex.def Info: ./images/PNG/clustering_smooth.png used on input line 
70.
(pdftex.def)             Requested size: 212.47618pt x 122.10858pt.

<./images/PNG/clustering_time.png, id=60, 254.8722pt x 146.4672pt>
File: ./images/PNG/clustering_time.png Graphic file (type png)

<use ./images/PNG/clustering_time.png>
Package pdftex.def Info: ./images/PNG/clustering_time.png used on input line 71
.
(pdftex.def)             Requested size: 212.47618pt x 122.10858pt.

Overfull \hbox (5.66615pt too wide) in paragraph at lines 64--75
 []$ 
 []

[12 <./images/PNG/clustering_raw.png> <./images/PNG/clustering_org.png> <./imag
es/PNG/clustering_smooth.png> <./images/PNG/clustering_time.png>] [13]
<./images/PNG/sentiment_t1.png, id=72, 677.53125pt x 338.76563pt>
File: ./images/PNG/sentiment_t1.png Graphic file (type png)

<use ./images/PNG/sentiment_t1.png>
Package pdftex.def Info: ./images/PNG/sentiment_t1.png used on input line 108.
(pdftex.def)             Requested size: 390.25537pt x 195.13504pt.

<./images/PNG/sentiment_t2.png, id=73, 677.53125pt x 338.76563pt>
File: ./images/PNG/sentiment_t2.png Graphic file (type png)

<use ./images/PNG/sentiment_t2.png>
Package pdftex.def Info: ./images/PNG/sentiment_t2.png used on input line 110.
(pdftex.def)             Requested size: 390.25537pt x 195.13504pt.
 [14] [15 <./images/PNG/sentiment_t1.png> <./images/PNG/sentiment_t2.png>]
<./images/PNG/correlation.png, id=86, 428.802pt x 92.9874pt>
File: ./images/PNG/correlation.png Graphic file (type png)

<use ./images/PNG/correlation.png>
Package pdftex.def Info: ./images/PNG/correlation.png used on input line 146.
(pdftex.def)             Requested size: 433.62003pt x 94.0357pt.
 [16 <./images/PNG/correlation.png>]
<./images/PNG/predict.png, id=91, 581.92406pt x 150.5625pt>
File: ./images/PNG/predict.png Graphic file (type png)

<use ./images/PNG/predict.png>
Package pdftex.def Info: ./images/PNG/predict.png used on input line 184.
(pdftex.def)             Requested size: 346.89734pt x 89.75464pt.

<./images/PNG/endpoints_1.png, id=92, 433.62pt x 289.08pt>
File: ./images/PNG/endpoints_1.png Graphic file (type png)

<use ./images/PNG/endpoints_1.png>
Package pdftex.def Info: ./images/PNG/endpoints_1.png used on input line 196.
(pdftex.def)             Requested size: 143.0954pt x 95.39668pt.

<./images/PNG/endpoints_2.png, id=93, 433.62pt x 289.08pt>
File: ./images/PNG/endpoints_2.png Graphic file (type png)

<use ./images/PNG/endpoints_2.png>
Package pdftex.def Info: ./images/PNG/endpoints_2.png used on input line 197.
(pdftex.def)             Requested size: 143.0954pt x 95.39668pt.

<./images/PNG/endpoints_3.png, id=94, 433.62pt x 289.08pt>
File: ./images/PNG/endpoints_3.png Graphic file (type png)

<use ./images/PNG/endpoints_3.png>
Package pdftex.def Info: ./images/PNG/endpoints_3.png used on input line 198.
(pdftex.def)             Requested size: 143.0954pt x 95.39668pt.

Overfull \hbox (14.3338pt too wide) in paragraph at lines 195--202
 []$ 
 []

[17 <./images/PNG/predict.png>] [18 <./images/PNG/endpoints_1.png> <./images/PN
G/endpoints_2.png> <./images/PNG/endpoints_3.png>] [19] [20]
<./images/PNG/edge_line.png, id=113, 505.89pt x 209.583pt>
File: ./images/PNG/edge_line.png Graphic file (type png)

<use ./images/PNG/edge_line.png>
Package pdftex.def Info: ./images/PNG/edge_line.png used on input line 326.
(pdftex.def)             Requested size: 325.21501pt x 134.73387pt.

<./images/PNG/edge_bundle.png, id=114, 505.89pt x 209.583pt>
File: ./images/PNG/edge_bundle.png Graphic file (type png)

<use ./images/PNG/edge_bundle.png>
Package pdftex.def Info: ./images/PNG/edge_bundle.png used on input line 328.
(pdftex.def)             Requested size: 325.21501pt x 134.73387pt.

<./images/PNG/bundle_details.png, id=115, 704.8734pt x 467.8278pt>
File: ./images/PNG/bundle_details.png Graphic file (type png)

<use ./images/PNG/bundle_details.png>
Package pdftex.def Info: ./images/PNG/bundle_details.png used on input line 340
.
(pdftex.def)             Requested size: 325.21501pt x 215.853pt.
 [21] [22 <./images/PNG/edge_line.png> <./images/PNG/edge_bundle.png>]) (./sect
ions/s_result.tex [23 <./images/PNG/bundle_details.png>] [24

] <./images/PNG/ppp.png, id=132, 1385.175pt x 216.81pt>
File: ./images/PNG/ppp.png Graphic file (type png)

<use ./images/PNG/ppp.png>
Package pdftex.def Info: ./images/PNG/ppp.png used on input line 27.
(pdftex.def)             Requested size: 433.62003pt x 67.86874pt.
 [25 <./images/PNG/ppp.png>]
<./images/PNG/wk1-real_cr.png, id=137, 810.6285pt x 512.51476pt>
File: ./images/PNG/wk1-real_cr.png Graphic file (type png)

<use ./images/PNG/wk1-real_cr.png>
Package pdftex.def Info: ./images/PNG/wk1-real_cr.png used on input line 48.
(pdftex.def)             Requested size: 325.21501pt x 205.61224pt.

<./images/PNG/wk2-real_cr.png, id=138, 808.2195pt x 512.51476pt>
File: ./images/PNG/wk2-real_cr.png Graphic file (type png)

<use ./images/PNG/wk2-real_cr.png>
Package pdftex.def Info: ./images/PNG/wk2-real_cr.png used on input line 50.
(pdftex.def)             Requested size: 325.21501pt x 206.23006pt.

<./images/PNG/chart1.png, id=139, 455.45157pt x 255.95625pt>
File: ./images/PNG/chart1.png Graphic file (type png)

<use ./images/PNG/chart1.png>
Package pdftex.def Info: ./images/PNG/chart1.png used on input line 62.
(pdftex.def)             Requested size: 260.17465pt x 146.21683pt.

<./images/PNG/chart2.png, id=140, 455.45157pt x 255.95625pt>
File: ./images/PNG/chart2.png Graphic file (type png)

<use ./images/PNG/chart2.png>
Package pdftex.def Info: ./images/PNG/chart2.png used on input line 64.
(pdftex.def)             Requested size: 260.17465pt x 146.21683pt.

<./images/PNG/chart3.png, id=141, 455.45157pt x 255.95625pt>
File: ./images/PNG/chart3.png Graphic file (type png)

<use ./images/PNG/chart3.png>
Package pdftex.def Info: ./images/PNG/chart3.png used on input line 66.
(pdftex.def)             Requested size: 260.17465pt x 146.21683pt.
 [26] [27 <./images/PNG/wk1-real_cr.png> <./images/PNG/wk2-real_cr.png>] [28]
<./images/PNG/wk1-m1_cr.png, id=154, 810.6285pt x 513.71925pt>
File: ./images/PNG/wk1-m1_cr.png Graphic file (type png)

<use ./images/PNG/wk1-m1_cr.png>
Package pdftex.def Info: ./images/PNG/wk1-m1_cr.png used on input line 100.
(pdftex.def)             Requested size: 212.47618pt x 134.64558pt.

<./images/PNG/wk2-m1_cr.png, id=155, 817.55438pt x 515.9275pt>
File: ./images/PNG/wk2-m1_cr.png Graphic file (type png)

<use ./images/PNG/wk2-m1_cr.png>
Package pdftex.def Info: ./images/PNG/wk2-m1_cr.png used on input line 101.
(pdftex.def)             Requested size: 212.47618pt x 134.08287pt.

<./images/PNG/wk1-m2_cr.png, id=156, 810.6285pt x 513.117pt>
File: ./images/PNG/wk1-m2_cr.png Graphic file (type png)

<use ./images/PNG/wk1-m2_cr.png>
Package pdftex.def Info: ./images/PNG/wk1-m2_cr.png used on input line 105.
(pdftex.def)             Requested size: 212.47618pt x 134.48775pt.

<./images/PNG/wk2-m2_cr.png, id=157, 817.55438pt x 515.9275pt>
File: ./images/PNG/wk2-m2_cr.png Graphic file (type png)

<use ./images/PNG/wk2-m2_cr.png>
Package pdftex.def Info: ./images/PNG/wk2-m2_cr.png used on input line 106.
(pdftex.def)             Requested size: 212.47618pt x 134.08287pt.

<./images/PNG/wk1-m3_cr.png, id=158, 810.6285pt x 512.51476pt>
File: ./images/PNG/wk1-m3_cr.png Graphic file (type png)

<use ./images/PNG/wk1-m3_cr.png>
Package pdftex.def Info: ./images/PNG/wk1-m3_cr.png used on input line 110.
(pdftex.def)             Requested size: 212.47618pt x 134.3299pt.

<./images/PNG/wk2-m3_cr.png, id=159, 817.55438pt x 515.9275pt>
File: ./images/PNG/wk2-m3_cr.png Graphic file (type png)

<use ./images/PNG/wk2-m3_cr.png>
Package pdftex.def Info: ./images/PNG/wk2-m3_cr.png used on input line 111.
(pdftex.def)             Requested size: 212.47618pt x 134.08287pt.

Overfull \hbox (5.66615pt too wide) in paragraph at lines 99--115
 []$ 
 []

) (./sections/s_discussion.tex [29] [30 <./images/PNG/chart1.png (PNG copy)> <.
/images/PNG/chart2.png (PNG copy)> <./images/PNG/chart3.png (PNG copy)>]
[31 <./images/PNG/wk1-m1_cr.png> <./images/PNG/wk2-m1_cr.png> <./images/PNG/wk1
-m2_cr.png> <./images/PNG/wk2-m2_cr.png> <./images/PNG/wk1-m3_cr.png> <./images
/PNG/wk2-m3_cr.png>] [32

]) (./sections/s_conclusion.tex [33] [34

])
(./tweether.bbl [35]
bibitemlist
[36

] [37] [38])

Class memoir Warning: The material used in the footer is too large
(10.14995pt) for the given foot skip (0.0pt), it is recommended to
either increase the foot skip or redesign the fotoer
(in both cases you will find help in the memoir manual). on input line 118.

[39]
\tf@toc=\write4
\openout4 = `tweether.toc'.

 (./tweether.aux) ) 
Here is how much of TeX's memory you used:
 6138 strings out of 493304
 89228 string characters out of 6139871
 197854 words of memory out of 5000000
 9504 multiletter control sequences out of 15000+600000
 9147 words of font info for 32 fonts, out of 8000000 for 9000
 957 hyphenation exceptions out of 8191
 46i,11n,38p,1713b,338s stack positions out of 5000i,500n,10000p,200000b,80000s
</usr/share/texlive/texmf-dist/fonts/type1/public/amsfonts/c
m/cmbx12.pfb></usr/share/texlive/texmf-dist/fonts/type1/public/amsfonts/cm/cmmi
12.pfb></usr/share/texlive/texmf-dist/fonts/type1/public/amsfonts/cm/cmmi8.pfb>
</usr/share/texlive/texmf-dist/fonts/type1/public/amsfonts/cm/cmr10.pfb></usr/s
hare/texlive/texmf-dist/fonts/type1/public/amsfonts/cm/cmr12.pfb></usr/share/te
xlive/texmf-dist/fonts/type1/public/amsfonts/cm/cmr8.pfb></usr/share/texlive/te
xmf-dist/fonts/type1/public/amsfonts/cm/cmsy10.pfb></usr/share/texlive/texmf-di
st/fonts/type1/public/amsfonts/cm/cmsy6.pfb></usr/share/texlive/texmf-dist/font
s/type1/public/amsfonts/cm/cmsy8.pfb></usr/share/texlive/texmf-dist/fonts/type1
/public/amsfonts/cm/cmti12.pfb>
Output written on tweether.pdf (43 pages, 13829435 bytes).
PDF statistics:
 237 PDF objects out of 1000 (max. 8388607)
 129 compressed objects within 2 object streams
 0 named destinations out of 1000 (max. 500000)
 136 words of extra memory for PDF output out of 10000 (max. 10000000)

